The system is: Linux - 3.10.0-957.27.2.el7.x86_64 - x86_64
Compiling the C compiler identification source file "CMakeCCompilerId.c" succeeded.
Compiler: /cvmfs/sft.cern.ch/lcg/releases/gcc/8.2.0-3fa06/x86_64-centos7/bin/gcc 
Build flags: 
Id flags:  

The output was:
0


Compilation of the C compiler identification source "CMakeCCompilerId.c" produced "a.out"

The C compiler identification is GNU, found in "/afs/cern.ch/user/g/govoni/work/2019_liquido/MC/simulation/muon/build/CMakeFiles/3.14.3/CompilerIdC/a.out"

Compiling the CXX compiler identification source file "CMakeCXXCompilerId.cpp" succeeded.
Compiler: /cvmfs/sft.cern.ch/lcg/releases/gcc/8.2.0-3fa06/x86_64-centos7/bin/g++ 
Build flags: 
Id flags:  

The output was:
0


Compilation of the CXX compiler identification source "CMakeCXXCompilerId.cpp" produced "a.out"

The CXX compiler identification is GNU, found in "/afs/cern.ch/user/g/govoni/work/2019_liquido/MC/simulation/muon/build/CMakeFiles/3.14.3/CompilerIdCXX/a.out"

Determining if the C compiler works passed with the following output:
Change Dir: /afs/cern.ch/user/g/govoni/work/2019_liquido/MC/simulation/muon/build/CMakeFiles/CMakeTmp

Run Build Command(s):/usr/bin/gmake cmTC_65bdd/fast 
/usr/bin/gmake -f CMakeFiles/cmTC_65bdd.dir/build.make CMakeFiles/cmTC_65bdd.dir/build
gmake[1]: Entering directory `/afs/cern.ch/work/g/govoni/2019_liquido/MC/simulation/muon/build/CMakeFiles/CMakeTmp'
Building C object CMakeFiles/cmTC_65bdd.dir/testCCompiler.c.o
/cvmfs/sft.cern.ch/lcg/releases/gcc/8.2.0-3fa06/x86_64-centos7/bin/gcc    -o CMakeFiles/cmTC_65bdd.dir/testCCompiler.c.o   -c /afs/cern.ch/user/g/govoni/work/2019_liquido/MC/simulation/muon/build/CMakeFiles/CMakeTmp/testCCompiler.c
Linking C executable cmTC_65bdd
/cvmfs/sft.cern.ch/lcg/releases/CMake/3.14.3-34449/x86_64-centos7-gcc8-opt/bin/cmake -E cmake_link_script CMakeFiles/cmTC_65bdd.dir/link.txt --verbose=1
/cvmfs/sft.cern.ch/lcg/releases/gcc/8.2.0-3fa06/x86_64-centos7/bin/gcc      -rdynamic CMakeFiles/cmTC_65bdd.dir/testCCompiler.c.o  -o cmTC_65bdd 
gmake[1]: Leaving directory `/afs/cern.ch/work/g/govoni/2019_liquido/MC/simulation/muon/build/CMakeFiles/CMakeTmp'


Detecting C compiler ABI info compiled with the following output:
Change Dir: /afs/cern.ch/user/g/govoni/work/2019_liquido/MC/simulation/muon/build/CMakeFiles/CMakeTmp

Run Build Command(s):/usr/bin/gmake cmTC_2ca5a/fast 
/usr/bin/gmake -f CMakeFiles/cmTC_2ca5a.dir/build.make CMakeFiles/cmTC_2ca5a.dir/build
gmake[1]: Entering directory `/afs/cern.ch/work/g/govoni/2019_liquido/MC/simulation/muon/build/CMakeFiles/CMakeTmp'
Building C object CMakeFiles/cmTC_2ca5a.dir/CMakeCCompilerABI.c.o
/cvmfs/sft.cern.ch/lcg/releases/gcc/8.2.0-3fa06/x86_64-centos7/bin/gcc   -v -o CMakeFiles/cmTC_2ca5a.dir/CMakeCCompilerABI.c.o   -c /cvmfs/sft.cern.ch/lcg/releases/CMake/3.14.3-34449/x86_64-centos7-gcc8-opt/share/cmake-3.14/Modules/CMakeCCompilerABI.c
Using built-in specs.
COLLECT_GCC=/cvmfs/sft.cern.ch/lcg/releases/gcc/8.2.0-3fa06/x86_64-centos7/bin/gcc
Target: x86_64-pc-linux-gnu
Configured with: /afs/cern.ch/cms/CAF/CMSCOMM/COMM_ECAL/dkonst/GCC/build/contrib/gcc-8.2.0/src/gcc/8.2.0/configure --prefix=/afs/cern.ch/cms/CAF/CMSCOMM/COMM_ECAL/dkonst/GCC/lcgcmake-install/gcc/8.2.0/x86_64-centos7 -with-system-zlib --disable-multilib --enable-languages=all --with-gnu-ld --with-ld=/afs/cern.ch/cms/CAF/CMSCOMM/COMM_ECAL/dkonst/GCC/lcgcmake-install/binutils/2.30/x86_64-centos7/bin/ld --with-gnu-as --with-as=/afs/cern.ch/cms/CAF/CMSCOMM/COMM_ECAL/dkonst/GCC/lcgcmake-install/binutils/2.30/x86_64-centos7/bin/as
Thread model: posix
gcc version 8.2.0 (GCC) 
COLLECT_GCC_OPTIONS='-v' '-o' 'CMakeFiles/cmTC_2ca5a.dir/CMakeCCompilerABI.c.o' '-c' '-mtune=generic' '-march=x86-64'
 /cvmfs/sft.cern.ch/lcg/releases/gcc/8.2.0-3fa06/x86_64-centos7/bin/../libexec/gcc/x86_64-pc-linux-gnu/8.2.0/cc1 -quiet -v -iprefix /cvmfs/sft.cern.ch/lcg/releases/gcc/8.2.0-3fa06/x86_64-centos7/bin/../lib/gcc/x86_64-pc-linux-gnu/8.2.0/ -isystem /cvmfs/sft.cern.ch/lcg/releases/gcc/8.2.0-3fa06/x86_64-centos7/include /cvmfs/sft.cern.ch/lcg/releases/CMake/3.14.3-34449/x86_64-centos7-gcc8-opt/share/cmake-3.14/Modules/CMakeCCompilerABI.c -quiet -dumpbase CMakeCCompilerABI.c -mtune=generic -march=x86-64 -auxbase-strip CMakeFiles/cmTC_2ca5a.dir/CMakeCCompilerABI.c.o -version -o /tmp/govoni/cc823w84.s
GNU C17 (GCC) version 8.2.0 (x86_64-pc-linux-gnu)
	compiled by GNU C version 8.2.0, GMP version 6.1.0, MPFR version 3.1.4, MPC version 1.0.3, isl version isl-0.18-GMP

GGC heuristics: --param ggc-min-expand=100 --param ggc-min-heapsize=131072
ignoring nonexistent directory "/cvmfs/sft.cern.ch/lcg/releases/gcc/8.2.0-3fa06/x86_64-centos7/bin/../lib/gcc/x86_64-pc-linux-gnu/8.2.0/../../../../x86_64-pc-linux-gnu/include"
ignoring duplicate directory "/cvmfs/sft.cern.ch/lcg/releases/gcc/8.2.0-3fa06/x86_64-centos7/bin/../lib/gcc/../../lib/gcc/x86_64-pc-linux-gnu/8.2.0/include"
ignoring duplicate directory "/cvmfs/sft.cern.ch/lcg/releases/gcc/8.2.0-3fa06/x86_64-centos7/bin/../lib/gcc/../../include"
ignoring duplicate directory "/cvmfs/sft.cern.ch/lcg/releases/gcc/8.2.0-3fa06/x86_64-centos7/bin/../lib/gcc/../../lib/gcc/x86_64-pc-linux-gnu/8.2.0/include-fixed"
ignoring nonexistent directory "/cvmfs/sft.cern.ch/lcg/releases/gcc/8.2.0-3fa06/x86_64-centos7/bin/../lib/gcc/../../lib/gcc/x86_64-pc-linux-gnu/8.2.0/../../../../x86_64-pc-linux-gnu/include"
ignoring duplicate directory "/cvmfs/sft.cern.ch/lcg/views/LCG_96/x86_64-centos7-gcc8-opt/include"
ignoring duplicate directory "/cvmfs/sft.cern.ch/lcg/views/LCG_96/x86_64-centos7-gcc8-opt/include"
#include "..." search starts here:
#include <...> search starts here:
 /cvmfs/sft.cern.ch/lcg/views/LCG_96/x86_64-centos7-gcc8-opt/include
 /cvmfs/sft.cern.ch/lcg/views/LCG_96/x86_64-centos7-gcc8-dbg/include
 /cvmfs/sft.cern.ch/lcg/releases/gcc/8.2.0-3fa06/x86_64-centos7/include
 /cvmfs/sft.cern.ch/lcg/releases/gcc/8.2.0-3fa06/x86_64-centos7/bin/../lib/gcc/x86_64-pc-linux-gnu/8.2.0/include
 /cvmfs/sft.cern.ch/lcg/releases/gcc/8.2.0-3fa06/x86_64-centos7/bin/../lib/gcc/x86_64-pc-linux-gnu/8.2.0/include-fixed
 /usr/local/include
 /usr/include
End of search list.
GNU C17 (GCC) version 8.2.0 (x86_64-pc-linux-gnu)
	compiled by GNU C version 8.2.0, GMP version 6.1.0, MPFR version 3.1.4, MPC version 1.0.3, isl version isl-0.18-GMP

GGC heuristics: --param ggc-min-expand=100 --param ggc-min-heapsize=131072
Compiler executable checksum: 9c89e30d7138ce48871612521942fabb
COLLECT_GCC_OPTIONS='-v' '-o' 'CMakeFiles/cmTC_2ca5a.dir/CMakeCCompilerABI.c.o' '-c' '-mtune=generic' '-march=x86-64'
 as -v --64 -o CMakeFiles/cmTC_2ca5a.dir/CMakeCCompilerABI.c.o /tmp/govoni/cc823w84.s
GNU assembler version 2.30 (x86_64-pc-linux-gnu) using BFD version (GNU Binutils) 2.30
COMPILER_PATH=/cvmfs/sft.cern.ch/lcg/releases/gcc/8.2.0-3fa06/x86_64-centos7/bin/../libexec/gcc/x86_64-pc-linux-gnu/8.2.0/:/cvmfs/sft.cern.ch/lcg/releases/gcc/8.2.0-3fa06/x86_64-centos7/bin/../libexec/gcc/:/cvmfs/sft.cern.ch/lcg/releases/gcc/8.2.0-3fa06/x86_64-centos7/
LIBRARY_PATH=/cvmfs/sft.cern.ch/lcg/releases/gcc/8.2.0-3fa06/x86_64-centos7/bin/../lib/gcc/x86_64-pc-linux-gnu/8.2.0/:/cvmfs/sft.cern.ch/lcg/releases/gcc/8.2.0-3fa06/x86_64-centos7/bin/../lib/gcc/:/cvmfs/sft.cern.ch/lcg/releases/gcc/8.2.0-3fa06/x86_64-centos7/bin/../lib/gcc/x86_64-pc-linux-gnu/8.2.0/../../../../lib64/:/lib/../lib64/:/usr/lib/../lib64/:/cvmfs/sft.cern.ch/lcg/releases/gcc/8.2.0-3fa06/x86_64-centos7/bin/../lib/gcc/x86_64-pc-linux-gnu/8.2.0/../../../:/lib/:/usr/lib/
COLLECT_GCC_OPTIONS='-v' '-o' 'CMakeFiles/cmTC_2ca5a.dir/CMakeCCompilerABI.c.o' '-c' '-mtune=generic' '-march=x86-64'
Linking C executable cmTC_2ca5a
/cvmfs/sft.cern.ch/lcg/releases/CMake/3.14.3-34449/x86_64-centos7-gcc8-opt/bin/cmake -E cmake_link_script CMakeFiles/cmTC_2ca5a.dir/link.txt --verbose=1
/cvmfs/sft.cern.ch/lcg/releases/gcc/8.2.0-3fa06/x86_64-centos7/bin/gcc     -v -rdynamic CMakeFiles/cmTC_2ca5a.dir/CMakeCCompilerABI.c.o  -o cmTC_2ca5a 
Using built-in specs.
COLLECT_GCC=/cvmfs/sft.cern.ch/lcg/releases/gcc/8.2.0-3fa06/x86_64-centos7/bin/gcc
COLLECT_LTO_WRAPPER=/cvmfs/sft.cern.ch/lcg/releases/gcc/8.2.0-3fa06/x86_64-centos7/bin/../libexec/gcc/x86_64-pc-linux-gnu/8.2.0/lto-wrapper
Target: x86_64-pc-linux-gnu
Configured with: /afs/cern.ch/cms/CAF/CMSCOMM/COMM_ECAL/dkonst/GCC/build/contrib/gcc-8.2.0/src/gcc/8.2.0/configure --prefix=/afs/cern.ch/cms/CAF/CMSCOMM/COMM_ECAL/dkonst/GCC/lcgcmake-install/gcc/8.2.0/x86_64-centos7 -with-system-zlib --disable-multilib --enable-languages=all --with-gnu-ld --with-ld=/afs/cern.ch/cms/CAF/CMSCOMM/COMM_ECAL/dkonst/GCC/lcgcmake-install/binutils/2.30/x86_64-centos7/bin/ld --with-gnu-as --with-as=/afs/cern.ch/cms/CAF/CMSCOMM/COMM_ECAL/dkonst/GCC/lcgcmake-install/binutils/2.30/x86_64-centos7/bin/as
Thread model: posix
gcc version 8.2.0 (GCC) 
COMPILER_PATH=/cvmfs/sft.cern.ch/lcg/releases/gcc/8.2.0-3fa06/x86_64-centos7/bin/../libexec/gcc/x86_64-pc-linux-gnu/8.2.0/:/cvmfs/sft.cern.ch/lcg/releases/gcc/8.2.0-3fa06/x86_64-centos7/bin/../libexec/gcc/:/cvmfs/sft.cern.ch/lcg/releases/gcc/8.2.0-3fa06/x86_64-centos7/
LIBRARY_PATH=/cvmfs/sft.cern.ch/lcg/releases/gcc/8.2.0-3fa06/x86_64-centos7/bin/../lib/gcc/x86_64-pc-linux-gnu/8.2.0/:/cvmfs/sft.cern.ch/lcg/releases/gcc/8.2.0-3fa06/x86_64-centos7/bin/../lib/gcc/:/cvmfs/sft.cern.ch/lcg/releases/gcc/8.2.0-3fa06/x86_64-centos7/bin/../lib/gcc/x86_64-pc-linux-gnu/8.2.0/../../../../lib64/:/lib/../lib64/:/usr/lib/../lib64/:/cvmfs/sft.cern.ch/lcg/releases/gcc/8.2.0-3fa06/x86_64-centos7/bin/../lib/gcc/x86_64-pc-linux-gnu/8.2.0/../../../:/lib/:/usr/lib/
COLLECT_GCC_OPTIONS='-v' '-rdynamic' '-o' 'cmTC_2ca5a' '-mtune=generic' '-march=x86-64'
 /cvmfs/sft.cern.ch/lcg/releases/gcc/8.2.0-3fa06/x86_64-centos7/bin/../libexec/gcc/x86_64-pc-linux-gnu/8.2.0/collect2 -plugin /cvmfs/sft.cern.ch/lcg/releases/gcc/8.2.0-3fa06/x86_64-centos7/bin/../libexec/gcc/x86_64-pc-linux-gnu/8.2.0/liblto_plugin.so -plugin-opt=/cvmfs/sft.cern.ch/lcg/releases/gcc/8.2.0-3fa06/x86_64-centos7/bin/../libexec/gcc/x86_64-pc-linux-gnu/8.2.0/lto-wrapper -plugin-opt=-fresolution=/tmp/govoni/ccvRb7Te.res -plugin-opt=-pass-through=-lgcc -plugin-opt=-pass-through=-lgcc_s -plugin-opt=-pass-through=-lc -plugin-opt=-pass-through=-lgcc -plugin-opt=-pass-through=-lgcc_s --eh-frame-hdr -m elf_x86_64 -export-dynamic -dynamic-linker /lib64/ld-linux-x86-64.so.2 -o cmTC_2ca5a /lib/../lib64/crt1.o /lib/../lib64/crti.o /cvmfs/sft.cern.ch/lcg/releases/gcc/8.2.0-3fa06/x86_64-centos7/bin/../lib/gcc/x86_64-pc-linux-gnu/8.2.0/crtbegin.o -L/cvmfs/sft.cern.ch/lcg/releases/gcc/8.2.0-3fa06/x86_64-centos7/bin/../lib/gcc/x86_64-pc-linux-gnu/8.2.0 -L/cvmfs/sft.cern.ch/lcg/releases/gcc/8.2.0-3fa06/x86_64-centos7/bin/../lib/gcc -L/cvmfs/sft.cern.ch/lcg/releases/gcc/8.2.0-3fa06/x86_64-centos7/bin/../lib/gcc/x86_64-pc-linux-gnu/8.2.0/../../../../lib64 -L/lib/../lib64 -L/usr/lib/../lib64 -L/cvmfs/sft.cern.ch/lcg/releases/gcc/8.2.0-3fa06/x86_64-centos7/bin/../lib/gcc/x86_64-pc-linux-gnu/8.2.0/../../.. CMakeFiles/cmTC_2ca5a.dir/CMakeCCompilerABI.c.o -lgcc --as-needed -lgcc_s --no-as-needed -lc -lgcc --as-needed -lgcc_s --no-as-needed /cvmfs/sft.cern.ch/lcg/releases/gcc/8.2.0-3fa06/x86_64-centos7/bin/../lib/gcc/x86_64-pc-linux-gnu/8.2.0/crtend.o /lib/../lib64/crtn.o
COLLECT_GCC_OPTIONS='-v' '-rdynamic' '-o' 'cmTC_2ca5a' '-mtune=generic' '-march=x86-64'
gmake[1]: Leaving directory `/afs/cern.ch/work/g/govoni/2019_liquido/MC/simulation/muon/build/CMakeFiles/CMakeTmp'


Parsed C implicit include dir info from above output: rv=done
  found start of include info
  found start of implicit include info
    add: [/cvmfs/sft.cern.ch/lcg/views/LCG_96/x86_64-centos7-gcc8-opt/include]
    add: [/cvmfs/sft.cern.ch/lcg/views/LCG_96/x86_64-centos7-gcc8-dbg/include]
    add: [/cvmfs/sft.cern.ch/lcg/releases/gcc/8.2.0-3fa06/x86_64-centos7/include]
    add: [/cvmfs/sft.cern.ch/lcg/releases/gcc/8.2.0-3fa06/x86_64-centos7/bin/../lib/gcc/x86_64-pc-linux-gnu/8.2.0/include]
    add: [/cvmfs/sft.cern.ch/lcg/releases/gcc/8.2.0-3fa06/x86_64-centos7/bin/../lib/gcc/x86_64-pc-linux-gnu/8.2.0/include-fixed]
    add: [/usr/local/include]
    add: [/usr/include]
  end of search list found
  collapse include dir [/cvmfs/sft.cern.ch/lcg/views/LCG_96/x86_64-centos7-gcc8-opt/include] ==> [/cvmfs/sft.cern.ch/lcg/views/LCG_96/x86_64-centos7-gcc8-opt/include]
  collapse include dir [/cvmfs/sft.cern.ch/lcg/views/LCG_96/x86_64-centos7-gcc8-dbg/include] ==> [/cvmfs/sft.cern.ch/lcg/views/LCG_96/x86_64-centos7-gcc8-dbg/include]
  collapse include dir [/cvmfs/sft.cern.ch/lcg/releases/gcc/8.2.0-3fa06/x86_64-centos7/include] ==> [/cvmfs/sft.cern.ch/lcg/releases/gcc/8.2.0-3fa06/x86_64-centos7/include]
  collapse include dir [/cvmfs/sft.cern.ch/lcg/releases/gcc/8.2.0-3fa06/x86_64-centos7/bin/../lib/gcc/x86_64-pc-linux-gnu/8.2.0/include] ==> [/cvmfs/sft.cern.ch/lcg/releases/gcc/8.2.0-3fa06/x86_64-centos7/lib/gcc/x86_64-pc-linux-gnu/8.2.0/include]
  collapse include dir [/cvmfs/sft.cern.ch/lcg/releases/gcc/8.2.0-3fa06/x86_64-centos7/bin/../lib/gcc/x86_64-pc-linux-gnu/8.2.0/include-fixed] ==> [/cvmfs/sft.cern.ch/lcg/releases/gcc/8.2.0-3fa06/x86_64-centos7/lib/gcc/x86_64-pc-linux-gnu/8.2.0/include-fixed]
  collapse include dir [/usr/local/include] ==> [/usr/local/include]
  collapse include dir [/usr/include] ==> [/usr/include]
  implicit include dirs: [/cvmfs/sft.cern.ch/lcg/views/LCG_96/x86_64-centos7-gcc8-opt/include;/cvmfs/sft.cern.ch/lcg/views/LCG_96/x86_64-centos7-gcc8-dbg/include;/cvmfs/sft.cern.ch/lcg/releases/gcc/8.2.0-3fa06/x86_64-centos7/include;/cvmfs/sft.cern.ch/lcg/releases/gcc/8.2.0-3fa06/x86_64-centos7/lib/gcc/x86_64-pc-linux-gnu/8.2.0/include;/cvmfs/sft.cern.ch/lcg/releases/gcc/8.2.0-3fa06/x86_64-centos7/lib/gcc/x86_64-pc-linux-gnu/8.2.0/include-fixed;/usr/local/include;/usr/include]


Parsed C implicit link information from above output:
  link line regex: [^( *|.*[/\])(ld|CMAKE_LINK_STARTFILE-NOTFOUND|([^/\]+-)?ld|collect2)[^/\]*( |$)]
  ignore line: [Change Dir: /afs/cern.ch/user/g/govoni/work/2019_liquido/MC/simulation/muon/build/CMakeFiles/CMakeTmp]
  ignore line: []
  ignore line: [Run Build Command(s):/usr/bin/gmake cmTC_2ca5a/fast ]
  ignore line: [/usr/bin/gmake -f CMakeFiles/cmTC_2ca5a.dir/build.make CMakeFiles/cmTC_2ca5a.dir/build]
  ignore line: [gmake[1]: Entering directory `/afs/cern.ch/work/g/govoni/2019_liquido/MC/simulation/muon/build/CMakeFiles/CMakeTmp']
  ignore line: [Building C object CMakeFiles/cmTC_2ca5a.dir/CMakeCCompilerABI.c.o]
  ignore line: [/cvmfs/sft.cern.ch/lcg/releases/gcc/8.2.0-3fa06/x86_64-centos7/bin/gcc   -v -o CMakeFiles/cmTC_2ca5a.dir/CMakeCCompilerABI.c.o   -c /cvmfs/sft.cern.ch/lcg/releases/CMake/3.14.3-34449/x86_64-centos7-gcc8-opt/share/cmake-3.14/Modules/CMakeCCompilerABI.c]
  ignore line: [Using built-in specs.]
  ignore line: [COLLECT_GCC=/cvmfs/sft.cern.ch/lcg/releases/gcc/8.2.0-3fa06/x86_64-centos7/bin/gcc]
  ignore line: [Target: x86_64-pc-linux-gnu]
  ignore line: [Configured with: /afs/cern.ch/cms/CAF/CMSCOMM/COMM_ECAL/dkonst/GCC/build/contrib/gcc-8.2.0/src/gcc/8.2.0/configure --prefix=/afs/cern.ch/cms/CAF/CMSCOMM/COMM_ECAL/dkonst/GCC/lcgcmake-install/gcc/8.2.0/x86_64-centos7 -with-system-zlib --disable-multilib --enable-languages=all --with-gnu-ld --with-ld=/afs/cern.ch/cms/CAF/CMSCOMM/COMM_ECAL/dkonst/GCC/lcgcmake-install/binutils/2.30/x86_64-centos7/bin/ld --with-gnu-as --with-as=/afs/cern.ch/cms/CAF/CMSCOMM/COMM_ECAL/dkonst/GCC/lcgcmake-install/binutils/2.30/x86_64-centos7/bin/as]
  ignore line: [Thread model: posix]
  ignore line: [gcc version 8.2.0 (GCC) ]
  ignore line: [COLLECT_GCC_OPTIONS='-v' '-o' 'CMakeFiles/cmTC_2ca5a.dir/CMakeCCompilerABI.c.o' '-c' '-mtune=generic' '-march=x86-64']
  ignore line: [ /cvmfs/sft.cern.ch/lcg/releases/gcc/8.2.0-3fa06/x86_64-centos7/bin/../libexec/gcc/x86_64-pc-linux-gnu/8.2.0/cc1 -quiet -v -iprefix /cvmfs/sft.cern.ch/lcg/releases/gcc/8.2.0-3fa06/x86_64-centos7/bin/../lib/gcc/x86_64-pc-linux-gnu/8.2.0/ -isystem /cvmfs/sft.cern.ch/lcg/releases/gcc/8.2.0-3fa06/x86_64-centos7/include /cvmfs/sft.cern.ch/lcg/releases/CMake/3.14.3-34449/x86_64-centos7-gcc8-opt/share/cmake-3.14/Modules/CMakeCCompilerABI.c -quiet -dumpbase CMakeCCompilerABI.c -mtune=generic -march=x86-64 -auxbase-strip CMakeFiles/cmTC_2ca5a.dir/CMakeCCompilerABI.c.o -version -o /tmp/govoni/cc823w84.s]
  ignore line: [GNU C17 (GCC) version 8.2.0 (x86_64-pc-linux-gnu)]
  ignore line: [	compiled by GNU C version 8.2.0, GMP version 6.1.0, MPFR version 3.1.4, MPC version 1.0.3, isl version isl-0.18-GMP]
  ignore line: []
  ignore line: [GGC heuristics: --param ggc-min-expand=100 --param ggc-min-heapsize=131072]
  ignore line: [ignoring nonexistent directory "/cvmfs/sft.cern.ch/lcg/releases/gcc/8.2.0-3fa06/x86_64-centos7/bin/../lib/gcc/x86_64-pc-linux-gnu/8.2.0/../../../../x86_64-pc-linux-gnu/include"]
  ignore line: [ignoring duplicate directory "/cvmfs/sft.cern.ch/lcg/releases/gcc/8.2.0-3fa06/x86_64-centos7/bin/../lib/gcc/../../lib/gcc/x86_64-pc-linux-gnu/8.2.0/include"]
  ignore line: [ignoring duplicate directory "/cvmfs/sft.cern.ch/lcg/releases/gcc/8.2.0-3fa06/x86_64-centos7/bin/../lib/gcc/../../include"]
  ignore line: [ignoring duplicate directory "/cvmfs/sft.cern.ch/lcg/releases/gcc/8.2.0-3fa06/x86_64-centos7/bin/../lib/gcc/../../lib/gcc/x86_64-pc-linux-gnu/8.2.0/include-fixed"]
  ignore line: [ignoring nonexistent directory "/cvmfs/sft.cern.ch/lcg/releases/gcc/8.2.0-3fa06/x86_64-centos7/bin/../lib/gcc/../../lib/gcc/x86_64-pc-linux-gnu/8.2.0/../../../../x86_64-pc-linux-gnu/include"]
  ignore line: [ignoring duplicate directory "/cvmfs/sft.cern.ch/lcg/views/LCG_96/x86_64-centos7-gcc8-opt/include"]
  ignore line: [ignoring duplicate directory "/cvmfs/sft.cern.ch/lcg/views/LCG_96/x86_64-centos7-gcc8-opt/include"]
  ignore line: [#include "..." search starts here:]
  ignore line: [#include <...> search starts here:]
  ignore line: [ /cvmfs/sft.cern.ch/lcg/views/LCG_96/x86_64-centos7-gcc8-opt/include]
  ignore line: [ /cvmfs/sft.cern.ch/lcg/views/LCG_96/x86_64-centos7-gcc8-dbg/include]
  ignore line: [ /cvmfs/sft.cern.ch/lcg/releases/gcc/8.2.0-3fa06/x86_64-centos7/include]
  ignore line: [ /cvmfs/sft.cern.ch/lcg/releases/gcc/8.2.0-3fa06/x86_64-centos7/bin/../lib/gcc/x86_64-pc-linux-gnu/8.2.0/include]
  ignore line: [ /cvmfs/sft.cern.ch/lcg/releases/gcc/8.2.0-3fa06/x86_64-centos7/bin/../lib/gcc/x86_64-pc-linux-gnu/8.2.0/include-fixed]
  ignore line: [ /usr/local/include]
  ignore line: [ /usr/include]
  ignore line: [End of search list.]
  ignore line: [GNU C17 (GCC) version 8.2.0 (x86_64-pc-linux-gnu)]
  ignore line: [	compiled by GNU C version 8.2.0, GMP version 6.1.0, MPFR version 3.1.4, MPC version 1.0.3, isl version isl-0.18-GMP]
  ignore line: []
  ignore line: [GGC heuristics: --param ggc-min-expand=100 --param ggc-min-heapsize=131072]
  ignore line: [Compiler executable checksum: 9c89e30d7138ce48871612521942fabb]
  ignore line: [COLLECT_GCC_OPTIONS='-v' '-o' 'CMakeFiles/cmTC_2ca5a.dir/CMakeCCompilerABI.c.o' '-c' '-mtune=generic' '-march=x86-64']
  ignore line: [ as -v --64 -o CMakeFiles/cmTC_2ca5a.dir/CMakeCCompilerABI.c.o /tmp/govoni/cc823w84.s]
  ignore line: [GNU assembler version 2.30 (x86_64-pc-linux-gnu) using BFD version (GNU Binutils) 2.30]
  ignore line: [COMPILER_PATH=/cvmfs/sft.cern.ch/lcg/releases/gcc/8.2.0-3fa06/x86_64-centos7/bin/../libexec/gcc/x86_64-pc-linux-gnu/8.2.0/:/cvmfs/sft.cern.ch/lcg/releases/gcc/8.2.0-3fa06/x86_64-centos7/bin/../libexec/gcc/:/cvmfs/sft.cern.ch/lcg/releases/gcc/8.2.0-3fa06/x86_64-centos7/]
  ignore line: [LIBRARY_PATH=/cvmfs/sft.cern.ch/lcg/releases/gcc/8.2.0-3fa06/x86_64-centos7/bin/../lib/gcc/x86_64-pc-linux-gnu/8.2.0/:/cvmfs/sft.cern.ch/lcg/releases/gcc/8.2.0-3fa06/x86_64-centos7/bin/../lib/gcc/:/cvmfs/sft.cern.ch/lcg/releases/gcc/8.2.0-3fa06/x86_64-centos7/bin/../lib/gcc/x86_64-pc-linux-gnu/8.2.0/../../../../lib64/:/lib/../lib64/:/usr/lib/../lib64/:/cvmfs/sft.cern.ch/lcg/releases/gcc/8.2.0-3fa06/x86_64-centos7/bin/../lib/gcc/x86_64-pc-linux-gnu/8.2.0/../../../:/lib/:/usr/lib/]
  ignore line: [COLLECT_GCC_OPTIONS='-v' '-o' 'CMakeFiles/cmTC_2ca5a.dir/CMakeCCompilerABI.c.o' '-c' '-mtune=generic' '-march=x86-64']
  ignore line: [Linking C executable cmTC_2ca5a]
  ignore line: [/cvmfs/sft.cern.ch/lcg/releases/CMake/3.14.3-34449/x86_64-centos7-gcc8-opt/bin/cmake -E cmake_link_script CMakeFiles/cmTC_2ca5a.dir/link.txt --verbose=1]
  ignore line: [/cvmfs/sft.cern.ch/lcg/releases/gcc/8.2.0-3fa06/x86_64-centos7/bin/gcc     -v -rdynamic CMakeFiles/cmTC_2ca5a.dir/CMakeCCompilerABI.c.o  -o cmTC_2ca5a ]
  ignore line: [Using built-in specs.]
  ignore line: [COLLECT_GCC=/cvmfs/sft.cern.ch/lcg/releases/gcc/8.2.0-3fa06/x86_64-centos7/bin/gcc]
  ignore line: [COLLECT_LTO_WRAPPER=/cvmfs/sft.cern.ch/lcg/releases/gcc/8.2.0-3fa06/x86_64-centos7/bin/../libexec/gcc/x86_64-pc-linux-gnu/8.2.0/lto-wrapper]
  ignore line: [Target: x86_64-pc-linux-gnu]
  ignore line: [Configured with: /afs/cern.ch/cms/CAF/CMSCOMM/COMM_ECAL/dkonst/GCC/build/contrib/gcc-8.2.0/src/gcc/8.2.0/configure --prefix=/afs/cern.ch/cms/CAF/CMSCOMM/COMM_ECAL/dkonst/GCC/lcgcmake-install/gcc/8.2.0/x86_64-centos7 -with-system-zlib --disable-multilib --enable-languages=all --with-gnu-ld --with-ld=/afs/cern.ch/cms/CAF/CMSCOMM/COMM_ECAL/dkonst/GCC/lcgcmake-install/binutils/2.30/x86_64-centos7/bin/ld --with-gnu-as --with-as=/afs/cern.ch/cms/CAF/CMSCOMM/COMM_ECAL/dkonst/GCC/lcgcmake-install/binutils/2.30/x86_64-centos7/bin/as]
  ignore line: [Thread model: posix]
  ignore line: [gcc version 8.2.0 (GCC) ]
  ignore line: [COMPILER_PATH=/cvmfs/sft.cern.ch/lcg/releases/gcc/8.2.0-3fa06/x86_64-centos7/bin/../libexec/gcc/x86_64-pc-linux-gnu/8.2.0/:/cvmfs/sft.cern.ch/lcg/releases/gcc/8.2.0-3fa06/x86_64-centos7/bin/../libexec/gcc/:/cvmfs/sft.cern.ch/lcg/releases/gcc/8.2.0-3fa06/x86_64-centos7/]
  ignore line: [LIBRARY_PATH=/cvmfs/sft.cern.ch/lcg/releases/gcc/8.2.0-3fa06/x86_64-centos7/bin/../lib/gcc/x86_64-pc-linux-gnu/8.2.0/:/cvmfs/sft.cern.ch/lcg/releases/gcc/8.2.0-3fa06/x86_64-centos7/bin/../lib/gcc/:/cvmfs/sft.cern.ch/lcg/releases/gcc/8.2.0-3fa06/x86_64-centos7/bin/../lib/gcc/x86_64-pc-linux-gnu/8.2.0/../../../../lib64/:/lib/../lib64/:/usr/lib/../lib64/:/cvmfs/sft.cern.ch/lcg/releases/gcc/8.2.0-3fa06/x86_64-centos7/bin/../lib/gcc/x86_64-pc-linux-gnu/8.2.0/../../../:/lib/:/usr/lib/]
  ignore line: [COLLECT_GCC_OPTIONS='-v' '-rdynamic' '-o' 'cmTC_2ca5a' '-mtune=generic' '-march=x86-64']
  link line: [ /cvmfs/sft.cern.ch/lcg/releases/gcc/8.2.0-3fa06/x86_64-centos7/bin/../libexec/gcc/x86_64-pc-linux-gnu/8.2.0/collect2 -plugin /cvmfs/sft.cern.ch/lcg/releases/gcc/8.2.0-3fa06/x86_64-centos7/bin/../libexec/gcc/x86_64-pc-linux-gnu/8.2.0/liblto_plugin.so -plugin-opt=/cvmfs/sft.cern.ch/lcg/releases/gcc/8.2.0-3fa06/x86_64-centos7/bin/../libexec/gcc/x86_64-pc-linux-gnu/8.2.0/lto-wrapper -plugin-opt=-fresolution=/tmp/govoni/ccvRb7Te.res -plugin-opt=-pass-through=-lgcc -plugin-opt=-pass-through=-lgcc_s -plugin-opt=-pass-through=-lc -plugin-opt=-pass-through=-lgcc -plugin-opt=-pass-through=-lgcc_s --eh-frame-hdr -m elf_x86_64 -export-dynamic -dynamic-linker /lib64/ld-linux-x86-64.so.2 -o cmTC_2ca5a /lib/../lib64/crt1.o /lib/../lib64/crti.o /cvmfs/sft.cern.ch/lcg/releases/gcc/8.2.0-3fa06/x86_64-centos7/bin/../lib/gcc/x86_64-pc-linux-gnu/8.2.0/crtbegin.o -L/cvmfs/sft.cern.ch/lcg/releases/gcc/8.2.0-3fa06/x86_64-centos7/bin/../lib/gcc/x86_64-pc-linux-gnu/8.2.0 -L/cvmfs/sft.cern.ch/lcg/releases/gcc/8.2.0-3fa06/x86_64-centos7/bin/../lib/gcc -L/cvmfs/sft.cern.ch/lcg/releases/gcc/8.2.0-3fa06/x86_64-centos7/bin/../lib/gcc/x86_64-pc-linux-gnu/8.2.0/../../../../lib64 -L/lib/../lib64 -L/usr/lib/../lib64 -L/cvmfs/sft.cern.ch/lcg/releases/gcc/8.2.0-3fa06/x86_64-centos7/bin/../lib/gcc/x86_64-pc-linux-gnu/8.2.0/../../.. CMakeFiles/cmTC_2ca5a.dir/CMakeCCompilerABI.c.o -lgcc --as-needed -lgcc_s --no-as-needed -lc -lgcc --as-needed -lgcc_s --no-as-needed /cvmfs/sft.cern.ch/lcg/releases/gcc/8.2.0-3fa06/x86_64-centos7/bin/../lib/gcc/x86_64-pc-linux-gnu/8.2.0/crtend.o /lib/../lib64/crtn.o]
    arg [/cvmfs/sft.cern.ch/lcg/releases/gcc/8.2.0-3fa06/x86_64-centos7/bin/../libexec/gcc/x86_64-pc-linux-gnu/8.2.0/collect2] ==> ignore
    arg [-plugin] ==> ignore
    arg [/cvmfs/sft.cern.ch/lcg/releases/gcc/8.2.0-3fa06/x86_64-centos7/bin/../libexec/gcc/x86_64-pc-linux-gnu/8.2.0/liblto_plugin.so] ==> ignore
    arg [-plugin-opt=/cvmfs/sft.cern.ch/lcg/releases/gcc/8.2.0-3fa06/x86_64-centos7/bin/../libexec/gcc/x86_64-pc-linux-gnu/8.2.0/lto-wrapper] ==> ignore
    arg [-plugin-opt=-fresolution=/tmp/govoni/ccvRb7Te.res] ==> ignore
    arg [-plugin-opt=-pass-through=-lgcc] ==> ignore
    arg [-plugin-opt=-pass-through=-lgcc_s] ==> ignore
    arg [-plugin-opt=-pass-through=-lc] ==> ignore
    arg [-plugin-opt=-pass-through=-lgcc] ==> ignore
    arg [-plugin-opt=-pass-through=-lgcc_s] ==> ignore
    arg [--eh-frame-hdr] ==> ignore
    arg [-m] ==> ignore
    arg [elf_x86_64] ==> ignore
    arg [-export-dynamic] ==> ignore
    arg [-dynamic-linker] ==> ignore
    arg [/lib64/ld-linux-x86-64.so.2] ==> ignore
    arg [-o] ==> ignore
    arg [cmTC_2ca5a] ==> ignore
    arg [/lib/../lib64/crt1.o] ==> ignore
    arg [/lib/../lib64/crti.o] ==> ignore
    arg [/cvmfs/sft.cern.ch/lcg/releases/gcc/8.2.0-3fa06/x86_64-centos7/bin/../lib/gcc/x86_64-pc-linux-gnu/8.2.0/crtbegin.o] ==> ignore
    arg [-L/cvmfs/sft.cern.ch/lcg/releases/gcc/8.2.0-3fa06/x86_64-centos7/bin/../lib/gcc/x86_64-pc-linux-gnu/8.2.0] ==> dir [/cvmfs/sft.cern.ch/lcg/releases/gcc/8.2.0-3fa06/x86_64-centos7/bin/../lib/gcc/x86_64-pc-linux-gnu/8.2.0]
    arg [-L/cvmfs/sft.cern.ch/lcg/releases/gcc/8.2.0-3fa06/x86_64-centos7/bin/../lib/gcc] ==> dir [/cvmfs/sft.cern.ch/lcg/releases/gcc/8.2.0-3fa06/x86_64-centos7/bin/../lib/gcc]
    arg [-L/cvmfs/sft.cern.ch/lcg/releases/gcc/8.2.0-3fa06/x86_64-centos7/bin/../lib/gcc/x86_64-pc-linux-gnu/8.2.0/../../../../lib64] ==> dir [/cvmfs/sft.cern.ch/lcg/releases/gcc/8.2.0-3fa06/x86_64-centos7/bin/../lib/gcc/x86_64-pc-linux-gnu/8.2.0/../../../../lib64]
    arg [-L/lib/../lib64] ==> dir [/lib/../lib64]
    arg [-L/usr/lib/../lib64] ==> dir [/usr/lib/../lib64]
    arg [-L/cvmfs/sft.cern.ch/lcg/releases/gcc/8.2.0-3fa06/x86_64-centos7/bin/../lib/gcc/x86_64-pc-linux-gnu/8.2.0/../../..] ==> dir [/cvmfs/sft.cern.ch/lcg/releases/gcc/8.2.0-3fa06/x86_64-centos7/bin/../lib/gcc/x86_64-pc-linux-gnu/8.2.0/../../..]
    arg [CMakeFiles/cmTC_2ca5a.dir/CMakeCCompilerABI.c.o] ==> ignore
    arg [-lgcc] ==> lib [gcc]
    arg [--as-needed] ==> ignore
    arg [-lgcc_s] ==> lib [gcc_s]
    arg [--no-as-needed] ==> ignore
    arg [-lc] ==> lib [c]
    arg [-lgcc] ==> lib [gcc]
    arg [--as-needed] ==> ignore
    arg [-lgcc_s] ==> lib [gcc_s]
    arg [--no-as-needed] ==> ignore
    arg [/cvmfs/sft.cern.ch/lcg/releases/gcc/8.2.0-3fa06/x86_64-centos7/bin/../lib/gcc/x86_64-pc-linux-gnu/8.2.0/crtend.o] ==> ignore
    arg [/lib/../lib64/crtn.o] ==> ignore
  collapse library dir [/cvmfs/sft.cern.ch/lcg/releases/gcc/8.2.0-3fa06/x86_64-centos7/bin/../lib/gcc/x86_64-pc-linux-gnu/8.2.0] ==> [/cvmfs/sft.cern.ch/lcg/releases/gcc/8.2.0-3fa06/x86_64-centos7/lib/gcc/x86_64-pc-linux-gnu/8.2.0]
  collapse library dir [/cvmfs/sft.cern.ch/lcg/releases/gcc/8.2.0-3fa06/x86_64-centos7/bin/../lib/gcc] ==> [/cvmfs/sft.cern.ch/lcg/releases/gcc/8.2.0-3fa06/x86_64-centos7/lib/gcc]
  collapse library dir [/cvmfs/sft.cern.ch/lcg/releases/gcc/8.2.0-3fa06/x86_64-centos7/bin/../lib/gcc/x86_64-pc-linux-gnu/8.2.0/../../../../lib64] ==> [/cvmfs/sft.cern.ch/lcg/releases/gcc/8.2.0-3fa06/x86_64-centos7/lib64]
  collapse library dir [/lib/../lib64] ==> [/lib64]
  collapse library dir [/usr/lib/../lib64] ==> [/usr/lib64]
  collapse library dir [/cvmfs/sft.cern.ch/lcg/releases/gcc/8.2.0-3fa06/x86_64-centos7/bin/../lib/gcc/x86_64-pc-linux-gnu/8.2.0/../../..] ==> [/cvmfs/sft.cern.ch/lcg/releases/gcc/8.2.0-3fa06/x86_64-centos7/lib]
  implicit libs: [gcc;gcc_s;c;gcc;gcc_s]
  implicit dirs: [/cvmfs/sft.cern.ch/lcg/releases/gcc/8.2.0-3fa06/x86_64-centos7/lib/gcc/x86_64-pc-linux-gnu/8.2.0;/cvmfs/sft.cern.ch/lcg/releases/gcc/8.2.0-3fa06/x86_64-centos7/lib/gcc;/cvmfs/sft.cern.ch/lcg/releases/gcc/8.2.0-3fa06/x86_64-centos7/lib64;/lib64;/usr/lib64;/cvmfs/sft.cern.ch/lcg/releases/gcc/8.2.0-3fa06/x86_64-centos7/lib]
  implicit fwks: []




Detecting C [-std=c11] compiler features compiled with the following output:
Change Dir: /afs/cern.ch/user/g/govoni/work/2019_liquido/MC/simulation/muon/build/CMakeFiles/CMakeTmp

Run Build Command(s):/usr/bin/gmake cmTC_b8c4c/fast 
/usr/bin/gmake -f CMakeFiles/cmTC_b8c4c.dir/build.make CMakeFiles/cmTC_b8c4c.dir/build
gmake[1]: Entering directory `/afs/cern.ch/work/g/govoni/2019_liquido/MC/simulation/muon/build/CMakeFiles/CMakeTmp'
Building C object CMakeFiles/cmTC_b8c4c.dir/feature_tests.c.o
/cvmfs/sft.cern.ch/lcg/releases/gcc/8.2.0-3fa06/x86_64-centos7/bin/gcc   -std=c11 -o CMakeFiles/cmTC_b8c4c.dir/feature_tests.c.o   -c /afs/cern.ch/user/g/govoni/work/2019_liquido/MC/simulation/muon/build/CMakeFiles/feature_tests.c
Linking C executable cmTC_b8c4c
/cvmfs/sft.cern.ch/lcg/releases/CMake/3.14.3-34449/x86_64-centos7-gcc8-opt/bin/cmake -E cmake_link_script CMakeFiles/cmTC_b8c4c.dir/link.txt --verbose=1
/cvmfs/sft.cern.ch/lcg/releases/gcc/8.2.0-3fa06/x86_64-centos7/bin/gcc      -rdynamic CMakeFiles/cmTC_b8c4c.dir/feature_tests.c.o  -o cmTC_b8c4c 
gmake[1]: Leaving directory `/afs/cern.ch/work/g/govoni/2019_liquido/MC/simulation/muon/build/CMakeFiles/CMakeTmp'


    Feature record: C_FEATURE:1c_function_prototypes
    Feature record: C_FEATURE:1c_restrict
    Feature record: C_FEATURE:1c_static_assert
    Feature record: C_FEATURE:1c_variadic_macros


Detecting C [-std=c99] compiler features compiled with the following output:
Change Dir: /afs/cern.ch/user/g/govoni/work/2019_liquido/MC/simulation/muon/build/CMakeFiles/CMakeTmp

Run Build Command(s):/usr/bin/gmake cmTC_75e74/fast 
/usr/bin/gmake -f CMakeFiles/cmTC_75e74.dir/build.make CMakeFiles/cmTC_75e74.dir/build
gmake[1]: Entering directory `/afs/cern.ch/work/g/govoni/2019_liquido/MC/simulation/muon/build/CMakeFiles/CMakeTmp'
Building C object CMakeFiles/cmTC_75e74.dir/feature_tests.c.o
/cvmfs/sft.cern.ch/lcg/releases/gcc/8.2.0-3fa06/x86_64-centos7/bin/gcc   -std=c99 -o CMakeFiles/cmTC_75e74.dir/feature_tests.c.o   -c /afs/cern.ch/user/g/govoni/work/2019_liquido/MC/simulation/muon/build/CMakeFiles/feature_tests.c
Linking C executable cmTC_75e74
/cvmfs/sft.cern.ch/lcg/releases/CMake/3.14.3-34449/x86_64-centos7-gcc8-opt/bin/cmake -E cmake_link_script CMakeFiles/cmTC_75e74.dir/link.txt --verbose=1
/cvmfs/sft.cern.ch/lcg/releases/gcc/8.2.0-3fa06/x86_64-centos7/bin/gcc      -rdynamic CMakeFiles/cmTC_75e74.dir/feature_tests.c.o  -o cmTC_75e74 
gmake[1]: Leaving directory `/afs/cern.ch/work/g/govoni/2019_liquido/MC/simulation/muon/build/CMakeFiles/CMakeTmp'


    Feature record: C_FEATURE:1c_function_prototypes
    Feature record: C_FEATURE:1c_restrict
    Feature record: C_FEATURE:0c_static_assert
    Feature record: C_FEATURE:1c_variadic_macros


Detecting C [-std=c90] compiler features compiled with the following output:
Change Dir: /afs/cern.ch/user/g/govoni/work/2019_liquido/MC/simulation/muon/build/CMakeFiles/CMakeTmp

Run Build Command(s):/usr/bin/gmake cmTC_7a1f1/fast 
/usr/bin/gmake -f CMakeFiles/cmTC_7a1f1.dir/build.make CMakeFiles/cmTC_7a1f1.dir/build
gmake[1]: Entering directory `/afs/cern.ch/work/g/govoni/2019_liquido/MC/simulation/muon/build/CMakeFiles/CMakeTmp'
Building C object CMakeFiles/cmTC_7a1f1.dir/feature_tests.c.o
/cvmfs/sft.cern.ch/lcg/releases/gcc/8.2.0-3fa06/x86_64-centos7/bin/gcc   -std=c90 -o CMakeFiles/cmTC_7a1f1.dir/feature_tests.c.o   -c /afs/cern.ch/user/g/govoni/work/2019_liquido/MC/simulation/muon/build/CMakeFiles/feature_tests.c
Linking C executable cmTC_7a1f1
/cvmfs/sft.cern.ch/lcg/releases/CMake/3.14.3-34449/x86_64-centos7-gcc8-opt/bin/cmake -E cmake_link_script CMakeFiles/cmTC_7a1f1.dir/link.txt --verbose=1
/cvmfs/sft.cern.ch/lcg/releases/gcc/8.2.0-3fa06/x86_64-centos7/bin/gcc      -rdynamic CMakeFiles/cmTC_7a1f1.dir/feature_tests.c.o  -o cmTC_7a1f1 
gmake[1]: Leaving directory `/afs/cern.ch/work/g/govoni/2019_liquido/MC/simulation/muon/build/CMakeFiles/CMakeTmp'


    Feature record: C_FEATURE:1c_function_prototypes
    Feature record: C_FEATURE:0c_restrict
    Feature record: C_FEATURE:0c_static_assert
    Feature record: C_FEATURE:0c_variadic_macros
Determining if the CXX compiler works passed with the following output:
Change Dir: /afs/cern.ch/user/g/govoni/work/2019_liquido/MC/simulation/muon/build/CMakeFiles/CMakeTmp

Run Build Command(s):/usr/bin/gmake cmTC_16b8e/fast 
/usr/bin/gmake -f CMakeFiles/cmTC_16b8e.dir/build.make CMakeFiles/cmTC_16b8e.dir/build
gmake[1]: Entering directory `/afs/cern.ch/work/g/govoni/2019_liquido/MC/simulation/muon/build/CMakeFiles/CMakeTmp'
Building CXX object CMakeFiles/cmTC_16b8e.dir/testCXXCompiler.cxx.o
/cvmfs/sft.cern.ch/lcg/releases/gcc/8.2.0-3fa06/x86_64-centos7/bin/g++     -o CMakeFiles/cmTC_16b8e.dir/testCXXCompiler.cxx.o -c /afs/cern.ch/user/g/govoni/work/2019_liquido/MC/simulation/muon/build/CMakeFiles/CMakeTmp/testCXXCompiler.cxx
Linking CXX executable cmTC_16b8e
/cvmfs/sft.cern.ch/lcg/releases/CMake/3.14.3-34449/x86_64-centos7-gcc8-opt/bin/cmake -E cmake_link_script CMakeFiles/cmTC_16b8e.dir/link.txt --verbose=1
/cvmfs/sft.cern.ch/lcg/releases/gcc/8.2.0-3fa06/x86_64-centos7/bin/g++       -rdynamic CMakeFiles/cmTC_16b8e.dir/testCXXCompiler.cxx.o  -o cmTC_16b8e 
gmake[1]: Leaving directory `/afs/cern.ch/work/g/govoni/2019_liquido/MC/simulation/muon/build/CMakeFiles/CMakeTmp'


Detecting CXX compiler ABI info compiled with the following output:
Change Dir: /afs/cern.ch/user/g/govoni/work/2019_liquido/MC/simulation/muon/build/CMakeFiles/CMakeTmp

Run Build Command(s):/usr/bin/gmake cmTC_f4944/fast 
/usr/bin/gmake -f CMakeFiles/cmTC_f4944.dir/build.make CMakeFiles/cmTC_f4944.dir/build
gmake[1]: Entering directory `/afs/cern.ch/work/g/govoni/2019_liquido/MC/simulation/muon/build/CMakeFiles/CMakeTmp'
Building CXX object CMakeFiles/cmTC_f4944.dir/CMakeCXXCompilerABI.cpp.o
/cvmfs/sft.cern.ch/lcg/releases/gcc/8.2.0-3fa06/x86_64-centos7/bin/g++    -v -o CMakeFiles/cmTC_f4944.dir/CMakeCXXCompilerABI.cpp.o -c /cvmfs/sft.cern.ch/lcg/releases/CMake/3.14.3-34449/x86_64-centos7-gcc8-opt/share/cmake-3.14/Modules/CMakeCXXCompilerABI.cpp
Using built-in specs.
COLLECT_GCC=/cvmfs/sft.cern.ch/lcg/releases/gcc/8.2.0-3fa06/x86_64-centos7/bin/g++
Target: x86_64-pc-linux-gnu
Configured with: /afs/cern.ch/cms/CAF/CMSCOMM/COMM_ECAL/dkonst/GCC/build/contrib/gcc-8.2.0/src/gcc/8.2.0/configure --prefix=/afs/cern.ch/cms/CAF/CMSCOMM/COMM_ECAL/dkonst/GCC/lcgcmake-install/gcc/8.2.0/x86_64-centos7 -with-system-zlib --disable-multilib --enable-languages=all --with-gnu-ld --with-ld=/afs/cern.ch/cms/CAF/CMSCOMM/COMM_ECAL/dkonst/GCC/lcgcmake-install/binutils/2.30/x86_64-centos7/bin/ld --with-gnu-as --with-as=/afs/cern.ch/cms/CAF/CMSCOMM/COMM_ECAL/dkonst/GCC/lcgcmake-install/binutils/2.30/x86_64-centos7/bin/as
Thread model: posix
gcc version 8.2.0 (GCC) 
COLLECT_GCC_OPTIONS='-v' '-o' 'CMakeFiles/cmTC_f4944.dir/CMakeCXXCompilerABI.cpp.o' '-c' '-shared-libgcc' '-mtune=generic' '-march=x86-64'
 /cvmfs/sft.cern.ch/lcg/releases/gcc/8.2.0-3fa06/x86_64-centos7/bin/../libexec/gcc/x86_64-pc-linux-gnu/8.2.0/cc1plus -quiet -v -iprefix /cvmfs/sft.cern.ch/lcg/releases/gcc/8.2.0-3fa06/x86_64-centos7/bin/../lib/gcc/x86_64-pc-linux-gnu/8.2.0/ -isystem /cvmfs/sft.cern.ch/lcg/releases/gcc/8.2.0-3fa06/x86_64-centos7/include -D_GNU_SOURCE /cvmfs/sft.cern.ch/lcg/releases/CMake/3.14.3-34449/x86_64-centos7-gcc8-opt/share/cmake-3.14/Modules/CMakeCXXCompilerABI.cpp -quiet -dumpbase CMakeCXXCompilerABI.cpp -mtune=generic -march=x86-64 -auxbase-strip CMakeFiles/cmTC_f4944.dir/CMakeCXXCompilerABI.cpp.o -version -o /tmp/govoni/ccXXBRpT.s
GNU C++14 (GCC) version 8.2.0 (x86_64-pc-linux-gnu)
	compiled by GNU C version 8.2.0, GMP version 6.1.0, MPFR version 3.1.4, MPC version 1.0.3, isl version isl-0.18-GMP

GGC heuristics: --param ggc-min-expand=100 --param ggc-min-heapsize=131072
ignoring nonexistent directory "/cvmfs/sft.cern.ch/lcg/releases/gcc/8.2.0-3fa06/x86_64-centos7/bin/../lib/gcc/x86_64-pc-linux-gnu/8.2.0/../../../../x86_64-pc-linux-gnu/include"
ignoring duplicate directory "/cvmfs/sft.cern.ch/lcg/releases/gcc/8.2.0-3fa06/x86_64-centos7/bin/../lib/gcc/../../lib/gcc/x86_64-pc-linux-gnu/8.2.0/../../../../include/c++/8.2.0"
ignoring duplicate directory "/cvmfs/sft.cern.ch/lcg/releases/gcc/8.2.0-3fa06/x86_64-centos7/bin/../lib/gcc/../../lib/gcc/x86_64-pc-linux-gnu/8.2.0/../../../../include/c++/8.2.0/x86_64-pc-linux-gnu"
ignoring duplicate directory "/cvmfs/sft.cern.ch/lcg/releases/gcc/8.2.0-3fa06/x86_64-centos7/bin/../lib/gcc/../../lib/gcc/x86_64-pc-linux-gnu/8.2.0/../../../../include/c++/8.2.0/backward"
ignoring duplicate directory "/cvmfs/sft.cern.ch/lcg/releases/gcc/8.2.0-3fa06/x86_64-centos7/bin/../lib/gcc/../../lib/gcc/x86_64-pc-linux-gnu/8.2.0/include"
ignoring duplicate directory "/cvmfs/sft.cern.ch/lcg/releases/gcc/8.2.0-3fa06/x86_64-centos7/bin/../lib/gcc/../../include"
ignoring duplicate directory "/cvmfs/sft.cern.ch/lcg/releases/gcc/8.2.0-3fa06/x86_64-centos7/bin/../lib/gcc/../../lib/gcc/x86_64-pc-linux-gnu/8.2.0/include-fixed"
ignoring nonexistent directory "/cvmfs/sft.cern.ch/lcg/releases/gcc/8.2.0-3fa06/x86_64-centos7/bin/../lib/gcc/../../lib/gcc/x86_64-pc-linux-gnu/8.2.0/../../../../x86_64-pc-linux-gnu/include"
ignoring duplicate directory "/cvmfs/sft.cern.ch/lcg/views/LCG_96/x86_64-centos7-gcc8-opt/include"
ignoring duplicate directory "/cvmfs/sft.cern.ch/lcg/views/LCG_96/x86_64-centos7-gcc8-opt/include"
#include "..." search starts here:
#include <...> search starts here:
 /cvmfs/sft.cern.ch/lcg/views/LCG_96/x86_64-centos7-gcc8-opt/include
 /cvmfs/sft.cern.ch/lcg/views/LCG_96/x86_64-centos7-gcc8-dbg/include
 /cvmfs/sft.cern.ch/lcg/releases/gcc/8.2.0-3fa06/x86_64-centos7/include
 /cvmfs/sft.cern.ch/lcg/releases/gcc/8.2.0-3fa06/x86_64-centos7/bin/../lib/gcc/x86_64-pc-linux-gnu/8.2.0/../../../../include/c++/8.2.0
 /cvmfs/sft.cern.ch/lcg/releases/gcc/8.2.0-3fa06/x86_64-centos7/bin/../lib/gcc/x86_64-pc-linux-gnu/8.2.0/../../../../include/c++/8.2.0/x86_64-pc-linux-gnu
 /cvmfs/sft.cern.ch/lcg/releases/gcc/8.2.0-3fa06/x86_64-centos7/bin/../lib/gcc/x86_64-pc-linux-gnu/8.2.0/../../../../include/c++/8.2.0/backward
 /cvmfs/sft.cern.ch/lcg/releases/gcc/8.2.0-3fa06/x86_64-centos7/bin/../lib/gcc/x86_64-pc-linux-gnu/8.2.0/include
 /cvmfs/sft.cern.ch/lcg/releases/gcc/8.2.0-3fa06/x86_64-centos7/bin/../lib/gcc/x86_64-pc-linux-gnu/8.2.0/include-fixed
 /usr/local/include
 /usr/include
End of search list.
GNU C++14 (GCC) version 8.2.0 (x86_64-pc-linux-gnu)
	compiled by GNU C version 8.2.0, GMP version 6.1.0, MPFR version 3.1.4, MPC version 1.0.3, isl version isl-0.18-GMP

GGC heuristics: --param ggc-min-expand=100 --param ggc-min-heapsize=131072
Compiler executable checksum: 070e67e9ba8aa43ec95f43bd9e04daca
COLLECT_GCC_OPTIONS='-v' '-o' 'CMakeFiles/cmTC_f4944.dir/CMakeCXXCompilerABI.cpp.o' '-c' '-shared-libgcc' '-mtune=generic' '-march=x86-64'
 as -v --64 -o CMakeFiles/cmTC_f4944.dir/CMakeCXXCompilerABI.cpp.o /tmp/govoni/ccXXBRpT.s
GNU assembler version 2.30 (x86_64-pc-linux-gnu) using BFD version (GNU Binutils) 2.30
COMPILER_PATH=/cvmfs/sft.cern.ch/lcg/releases/gcc/8.2.0-3fa06/x86_64-centos7/bin/../libexec/gcc/x86_64-pc-linux-gnu/8.2.0/:/cvmfs/sft.cern.ch/lcg/releases/gcc/8.2.0-3fa06/x86_64-centos7/bin/../libexec/gcc/:/cvmfs/sft.cern.ch/lcg/releases/gcc/8.2.0-3fa06/x86_64-centos7/
LIBRARY_PATH=/cvmfs/sft.cern.ch/lcg/releases/gcc/8.2.0-3fa06/x86_64-centos7/bin/../lib/gcc/x86_64-pc-linux-gnu/8.2.0/:/cvmfs/sft.cern.ch/lcg/releases/gcc/8.2.0-3fa06/x86_64-centos7/bin/../lib/gcc/:/cvmfs/sft.cern.ch/lcg/releases/gcc/8.2.0-3fa06/x86_64-centos7/bin/../lib/gcc/x86_64-pc-linux-gnu/8.2.0/../../../../lib64/:/lib/../lib64/:/usr/lib/../lib64/:/cvmfs/sft.cern.ch/lcg/releases/gcc/8.2.0-3fa06/x86_64-centos7/bin/../lib/gcc/x86_64-pc-linux-gnu/8.2.0/../../../:/lib/:/usr/lib/
COLLECT_GCC_OPTIONS='-v' '-o' 'CMakeFiles/cmTC_f4944.dir/CMakeCXXCompilerABI.cpp.o' '-c' '-shared-libgcc' '-mtune=generic' '-march=x86-64'
Linking CXX executable cmTC_f4944
/cvmfs/sft.cern.ch/lcg/releases/CMake/3.14.3-34449/x86_64-centos7-gcc8-opt/bin/cmake -E cmake_link_script CMakeFiles/cmTC_f4944.dir/link.txt --verbose=1
/cvmfs/sft.cern.ch/lcg/releases/gcc/8.2.0-3fa06/x86_64-centos7/bin/g++      -v -rdynamic CMakeFiles/cmTC_f4944.dir/CMakeCXXCompilerABI.cpp.o  -o cmTC_f4944 
Using built-in specs.
COLLECT_GCC=/cvmfs/sft.cern.ch/lcg/releases/gcc/8.2.0-3fa06/x86_64-centos7/bin/g++
COLLECT_LTO_WRAPPER=/cvmfs/sft.cern.ch/lcg/releases/gcc/8.2.0-3fa06/x86_64-centos7/bin/../libexec/gcc/x86_64-pc-linux-gnu/8.2.0/lto-wrapper
Target: x86_64-pc-linux-gnu
Configured with: /afs/cern.ch/cms/CAF/CMSCOMM/COMM_ECAL/dkonst/GCC/build/contrib/gcc-8.2.0/src/gcc/8.2.0/configure --prefix=/afs/cern.ch/cms/CAF/CMSCOMM/COMM_ECAL/dkonst/GCC/lcgcmake-install/gcc/8.2.0/x86_64-centos7 -with-system-zlib --disable-multilib --enable-languages=all --with-gnu-ld --with-ld=/afs/cern.ch/cms/CAF/CMSCOMM/COMM_ECAL/dkonst/GCC/lcgcmake-install/binutils/2.30/x86_64-centos7/bin/ld --with-gnu-as --with-as=/afs/cern.ch/cms/CAF/CMSCOMM/COMM_ECAL/dkonst/GCC/lcgcmake-install/binutils/2.30/x86_64-centos7/bin/as
Thread model: posix
gcc version 8.2.0 (GCC) 
COMPILER_PATH=/cvmfs/sft.cern.ch/lcg/releases/gcc/8.2.0-3fa06/x86_64-centos7/bin/../libexec/gcc/x86_64-pc-linux-gnu/8.2.0/:/cvmfs/sft.cern.ch/lcg/releases/gcc/8.2.0-3fa06/x86_64-centos7/bin/../libexec/gcc/:/cvmfs/sft.cern.ch/lcg/releases/gcc/8.2.0-3fa06/x86_64-centos7/
LIBRARY_PATH=/cvmfs/sft.cern.ch/lcg/releases/gcc/8.2.0-3fa06/x86_64-centos7/bin/../lib/gcc/x86_64-pc-linux-gnu/8.2.0/:/cvmfs/sft.cern.ch/lcg/releases/gcc/8.2.0-3fa06/x86_64-centos7/bin/../lib/gcc/:/cvmfs/sft.cern.ch/lcg/releases/gcc/8.2.0-3fa06/x86_64-centos7/bin/../lib/gcc/x86_64-pc-linux-gnu/8.2.0/../../../../lib64/:/lib/../lib64/:/usr/lib/../lib64/:/cvmfs/sft.cern.ch/lcg/releases/gcc/8.2.0-3fa06/x86_64-centos7/bin/../lib/gcc/x86_64-pc-linux-gnu/8.2.0/../../../:/lib/:/usr/lib/
COLLECT_GCC_OPTIONS='-v' '-rdynamic' '-o' 'cmTC_f4944' '-shared-libgcc' '-mtune=generic' '-march=x86-64'
 /cvmfs/sft.cern.ch/lcg/releases/gcc/8.2.0-3fa06/x86_64-centos7/bin/../libexec/gcc/x86_64-pc-linux-gnu/8.2.0/collect2 -plugin /cvmfs/sft.cern.ch/lcg/releases/gcc/8.2.0-3fa06/x86_64-centos7/bin/../libexec/gcc/x86_64-pc-linux-gnu/8.2.0/liblto_plugin.so -plugin-opt=/cvmfs/sft.cern.ch/lcg/releases/gcc/8.2.0-3fa06/x86_64-centos7/bin/../libexec/gcc/x86_64-pc-linux-gnu/8.2.0/lto-wrapper -plugin-opt=-fresolution=/tmp/govoni/ccZ5c5J3.res -plugin-opt=-pass-through=-lgcc_s -plugin-opt=-pass-through=-lgcc -plugin-opt=-pass-through=-lc -plugin-opt=-pass-through=-lgcc_s -plugin-opt=-pass-through=-lgcc --eh-frame-hdr -m elf_x86_64 -export-dynamic -dynamic-linker /lib64/ld-linux-x86-64.so.2 -o cmTC_f4944 /lib/../lib64/crt1.o /lib/../lib64/crti.o /cvmfs/sft.cern.ch/lcg/releases/gcc/8.2.0-3fa06/x86_64-centos7/bin/../lib/gcc/x86_64-pc-linux-gnu/8.2.0/crtbegin.o -L/cvmfs/sft.cern.ch/lcg/releases/gcc/8.2.0-3fa06/x86_64-centos7/bin/../lib/gcc/x86_64-pc-linux-gnu/8.2.0 -L/cvmfs/sft.cern.ch/lcg/releases/gcc/8.2.0-3fa06/x86_64-centos7/bin/../lib/gcc -L/cvmfs/sft.cern.ch/lcg/releases/gcc/8.2.0-3fa06/x86_64-centos7/bin/../lib/gcc/x86_64-pc-linux-gnu/8.2.0/../../../../lib64 -L/lib/../lib64 -L/usr/lib/../lib64 -L/cvmfs/sft.cern.ch/lcg/releases/gcc/8.2.0-3fa06/x86_64-centos7/bin/../lib/gcc/x86_64-pc-linux-gnu/8.2.0/../../.. CMakeFiles/cmTC_f4944.dir/CMakeCXXCompilerABI.cpp.o -lstdc++ -lm -lgcc_s -lgcc -lc -lgcc_s -lgcc /cvmfs/sft.cern.ch/lcg/releases/gcc/8.2.0-3fa06/x86_64-centos7/bin/../lib/gcc/x86_64-pc-linux-gnu/8.2.0/crtend.o /lib/../lib64/crtn.o
COLLECT_GCC_OPTIONS='-v' '-rdynamic' '-o' 'cmTC_f4944' '-shared-libgcc' '-mtune=generic' '-march=x86-64'
gmake[1]: Leaving directory `/afs/cern.ch/work/g/govoni/2019_liquido/MC/simulation/muon/build/CMakeFiles/CMakeTmp'


Parsed CXX implicit include dir info from above output: rv=done
  found start of include info
  found start of implicit include info
    add: [/cvmfs/sft.cern.ch/lcg/views/LCG_96/x86_64-centos7-gcc8-opt/include]
    add: [/cvmfs/sft.cern.ch/lcg/views/LCG_96/x86_64-centos7-gcc8-dbg/include]
    add: [/cvmfs/sft.cern.ch/lcg/releases/gcc/8.2.0-3fa06/x86_64-centos7/include]
    add: [/cvmfs/sft.cern.ch/lcg/releases/gcc/8.2.0-3fa06/x86_64-centos7/bin/../lib/gcc/x86_64-pc-linux-gnu/8.2.0/../../../../include/c++/8.2.0]
    add: [/cvmfs/sft.cern.ch/lcg/releases/gcc/8.2.0-3fa06/x86_64-centos7/bin/../lib/gcc/x86_64-pc-linux-gnu/8.2.0/../../../../include/c++/8.2.0/x86_64-pc-linux-gnu]
    add: [/cvmfs/sft.cern.ch/lcg/releases/gcc/8.2.0-3fa06/x86_64-centos7/bin/../lib/gcc/x86_64-pc-linux-gnu/8.2.0/../../../../include/c++/8.2.0/backward]
    add: [/cvmfs/sft.cern.ch/lcg/releases/gcc/8.2.0-3fa06/x86_64-centos7/bin/../lib/gcc/x86_64-pc-linux-gnu/8.2.0/include]
    add: [/cvmfs/sft.cern.ch/lcg/releases/gcc/8.2.0-3fa06/x86_64-centos7/bin/../lib/gcc/x86_64-pc-linux-gnu/8.2.0/include-fixed]
    add: [/usr/local/include]
    add: [/usr/include]
  end of search list found
  collapse include dir [/cvmfs/sft.cern.ch/lcg/views/LCG_96/x86_64-centos7-gcc8-opt/include] ==> [/cvmfs/sft.cern.ch/lcg/views/LCG_96/x86_64-centos7-gcc8-opt/include]
  collapse include dir [/cvmfs/sft.cern.ch/lcg/views/LCG_96/x86_64-centos7-gcc8-dbg/include] ==> [/cvmfs/sft.cern.ch/lcg/views/LCG_96/x86_64-centos7-gcc8-dbg/include]
  collapse include dir [/cvmfs/sft.cern.ch/lcg/releases/gcc/8.2.0-3fa06/x86_64-centos7/include] ==> [/cvmfs/sft.cern.ch/lcg/releases/gcc/8.2.0-3fa06/x86_64-centos7/include]
  collapse include dir [/cvmfs/sft.cern.ch/lcg/releases/gcc/8.2.0-3fa06/x86_64-centos7/bin/../lib/gcc/x86_64-pc-linux-gnu/8.2.0/../../../../include/c++/8.2.0] ==> [/cvmfs/sft.cern.ch/lcg/releases/gcc/8.2.0-3fa06/x86_64-centos7/include/c++/8.2.0]
  collapse include dir [/cvmfs/sft.cern.ch/lcg/releases/gcc/8.2.0-3fa06/x86_64-centos7/bin/../lib/gcc/x86_64-pc-linux-gnu/8.2.0/../../../../include/c++/8.2.0/x86_64-pc-linux-gnu] ==> [/cvmfs/sft.cern.ch/lcg/releases/gcc/8.2.0-3fa06/x86_64-centos7/include/c++/8.2.0/x86_64-pc-linux-gnu]
  collapse include dir [/cvmfs/sft.cern.ch/lcg/releases/gcc/8.2.0-3fa06/x86_64-centos7/bin/../lib/gcc/x86_64-pc-linux-gnu/8.2.0/../../../../include/c++/8.2.0/backward] ==> [/cvmfs/sft.cern.ch/lcg/releases/gcc/8.2.0-3fa06/x86_64-centos7/include/c++/8.2.0/backward]
  collapse include dir [/cvmfs/sft.cern.ch/lcg/releases/gcc/8.2.0-3fa06/x86_64-centos7/bin/../lib/gcc/x86_64-pc-linux-gnu/8.2.0/include] ==> [/cvmfs/sft.cern.ch/lcg/releases/gcc/8.2.0-3fa06/x86_64-centos7/lib/gcc/x86_64-pc-linux-gnu/8.2.0/include]
  collapse include dir [/cvmfs/sft.cern.ch/lcg/releases/gcc/8.2.0-3fa06/x86_64-centos7/bin/../lib/gcc/x86_64-pc-linux-gnu/8.2.0/include-fixed] ==> [/cvmfs/sft.cern.ch/lcg/releases/gcc/8.2.0-3fa06/x86_64-centos7/lib/gcc/x86_64-pc-linux-gnu/8.2.0/include-fixed]
  collapse include dir [/usr/local/include] ==> [/usr/local/include]
  collapse include dir [/usr/include] ==> [/usr/include]
  implicit include dirs: [/cvmfs/sft.cern.ch/lcg/views/LCG_96/x86_64-centos7-gcc8-opt/include;/cvmfs/sft.cern.ch/lcg/views/LCG_96/x86_64-centos7-gcc8-dbg/include;/cvmfs/sft.cern.ch/lcg/releases/gcc/8.2.0-3fa06/x86_64-centos7/include;/cvmfs/sft.cern.ch/lcg/releases/gcc/8.2.0-3fa06/x86_64-centos7/include/c++/8.2.0;/cvmfs/sft.cern.ch/lcg/releases/gcc/8.2.0-3fa06/x86_64-centos7/include/c++/8.2.0/x86_64-pc-linux-gnu;/cvmfs/sft.cern.ch/lcg/releases/gcc/8.2.0-3fa06/x86_64-centos7/include/c++/8.2.0/backward;/cvmfs/sft.cern.ch/lcg/releases/gcc/8.2.0-3fa06/x86_64-centos7/lib/gcc/x86_64-pc-linux-gnu/8.2.0/include;/cvmfs/sft.cern.ch/lcg/releases/gcc/8.2.0-3fa06/x86_64-centos7/lib/gcc/x86_64-pc-linux-gnu/8.2.0/include-fixed;/usr/local/include;/usr/include]


Parsed CXX implicit link information from above output:
  link line regex: [^( *|.*[/\])(ld|CMAKE_LINK_STARTFILE-NOTFOUND|([^/\]+-)?ld|collect2)[^/\]*( |$)]
  ignore line: [Change Dir: /afs/cern.ch/user/g/govoni/work/2019_liquido/MC/simulation/muon/build/CMakeFiles/CMakeTmp]
  ignore line: []
  ignore line: [Run Build Command(s):/usr/bin/gmake cmTC_f4944/fast ]
  ignore line: [/usr/bin/gmake -f CMakeFiles/cmTC_f4944.dir/build.make CMakeFiles/cmTC_f4944.dir/build]
  ignore line: [gmake[1]: Entering directory `/afs/cern.ch/work/g/govoni/2019_liquido/MC/simulation/muon/build/CMakeFiles/CMakeTmp']
  ignore line: [Building CXX object CMakeFiles/cmTC_f4944.dir/CMakeCXXCompilerABI.cpp.o]
  ignore line: [/cvmfs/sft.cern.ch/lcg/releases/gcc/8.2.0-3fa06/x86_64-centos7/bin/g++    -v -o CMakeFiles/cmTC_f4944.dir/CMakeCXXCompilerABI.cpp.o -c /cvmfs/sft.cern.ch/lcg/releases/CMake/3.14.3-34449/x86_64-centos7-gcc8-opt/share/cmake-3.14/Modules/CMakeCXXCompilerABI.cpp]
  ignore line: [Using built-in specs.]
  ignore line: [COLLECT_GCC=/cvmfs/sft.cern.ch/lcg/releases/gcc/8.2.0-3fa06/x86_64-centos7/bin/g++]
  ignore line: [Target: x86_64-pc-linux-gnu]
  ignore line: [Configured with: /afs/cern.ch/cms/CAF/CMSCOMM/COMM_ECAL/dkonst/GCC/build/contrib/gcc-8.2.0/src/gcc/8.2.0/configure --prefix=/afs/cern.ch/cms/CAF/CMSCOMM/COMM_ECAL/dkonst/GCC/lcgcmake-install/gcc/8.2.0/x86_64-centos7 -with-system-zlib --disable-multilib --enable-languages=all --with-gnu-ld --with-ld=/afs/cern.ch/cms/CAF/CMSCOMM/COMM_ECAL/dkonst/GCC/lcgcmake-install/binutils/2.30/x86_64-centos7/bin/ld --with-gnu-as --with-as=/afs/cern.ch/cms/CAF/CMSCOMM/COMM_ECAL/dkonst/GCC/lcgcmake-install/binutils/2.30/x86_64-centos7/bin/as]
  ignore line: [Thread model: posix]
  ignore line: [gcc version 8.2.0 (GCC) ]
  ignore line: [COLLECT_GCC_OPTIONS='-v' '-o' 'CMakeFiles/cmTC_f4944.dir/CMakeCXXCompilerABI.cpp.o' '-c' '-shared-libgcc' '-mtune=generic' '-march=x86-64']
  ignore line: [ /cvmfs/sft.cern.ch/lcg/releases/gcc/8.2.0-3fa06/x86_64-centos7/bin/../libexec/gcc/x86_64-pc-linux-gnu/8.2.0/cc1plus -quiet -v -iprefix /cvmfs/sft.cern.ch/lcg/releases/gcc/8.2.0-3fa06/x86_64-centos7/bin/../lib/gcc/x86_64-pc-linux-gnu/8.2.0/ -isystem /cvmfs/sft.cern.ch/lcg/releases/gcc/8.2.0-3fa06/x86_64-centos7/include -D_GNU_SOURCE /cvmfs/sft.cern.ch/lcg/releases/CMake/3.14.3-34449/x86_64-centos7-gcc8-opt/share/cmake-3.14/Modules/CMakeCXXCompilerABI.cpp -quiet -dumpbase CMakeCXXCompilerABI.cpp -mtune=generic -march=x86-64 -auxbase-strip CMakeFiles/cmTC_f4944.dir/CMakeCXXCompilerABI.cpp.o -version -o /tmp/govoni/ccXXBRpT.s]
  ignore line: [GNU C++14 (GCC) version 8.2.0 (x86_64-pc-linux-gnu)]
  ignore line: [	compiled by GNU C version 8.2.0, GMP version 6.1.0, MPFR version 3.1.4, MPC version 1.0.3, isl version isl-0.18-GMP]
  ignore line: []
  ignore line: [GGC heuristics: --param ggc-min-expand=100 --param ggc-min-heapsize=131072]
  ignore line: [ignoring nonexistent directory "/cvmfs/sft.cern.ch/lcg/releases/gcc/8.2.0-3fa06/x86_64-centos7/bin/../lib/gcc/x86_64-pc-linux-gnu/8.2.0/../../../../x86_64-pc-linux-gnu/include"]
  ignore line: [ignoring duplicate directory "/cvmfs/sft.cern.ch/lcg/releases/gcc/8.2.0-3fa06/x86_64-centos7/bin/../lib/gcc/../../lib/gcc/x86_64-pc-linux-gnu/8.2.0/../../../../include/c++/8.2.0"]
  ignore line: [ignoring duplicate directory "/cvmfs/sft.cern.ch/lcg/releases/gcc/8.2.0-3fa06/x86_64-centos7/bin/../lib/gcc/../../lib/gcc/x86_64-pc-linux-gnu/8.2.0/../../../../include/c++/8.2.0/x86_64-pc-linux-gnu"]
  ignore line: [ignoring duplicate directory "/cvmfs/sft.cern.ch/lcg/releases/gcc/8.2.0-3fa06/x86_64-centos7/bin/../lib/gcc/../../lib/gcc/x86_64-pc-linux-gnu/8.2.0/../../../../include/c++/8.2.0/backward"]
  ignore line: [ignoring duplicate directory "/cvmfs/sft.cern.ch/lcg/releases/gcc/8.2.0-3fa06/x86_64-centos7/bin/../lib/gcc/../../lib/gcc/x86_64-pc-linux-gnu/8.2.0/include"]
  ignore line: [ignoring duplicate directory "/cvmfs/sft.cern.ch/lcg/releases/gcc/8.2.0-3fa06/x86_64-centos7/bin/../lib/gcc/../../include"]
  ignore line: [ignoring duplicate directory "/cvmfs/sft.cern.ch/lcg/releases/gcc/8.2.0-3fa06/x86_64-centos7/bin/../lib/gcc/../../lib/gcc/x86_64-pc-linux-gnu/8.2.0/include-fixed"]
  ignore line: [ignoring nonexistent directory "/cvmfs/sft.cern.ch/lcg/releases/gcc/8.2.0-3fa06/x86_64-centos7/bin/../lib/gcc/../../lib/gcc/x86_64-pc-linux-gnu/8.2.0/../../../../x86_64-pc-linux-gnu/include"]
  ignore line: [ignoring duplicate directory "/cvmfs/sft.cern.ch/lcg/views/LCG_96/x86_64-centos7-gcc8-opt/include"]
  ignore line: [ignoring duplicate directory "/cvmfs/sft.cern.ch/lcg/views/LCG_96/x86_64-centos7-gcc8-opt/include"]
  ignore line: [#include "..." search starts here:]
  ignore line: [#include <...> search starts here:]
  ignore line: [ /cvmfs/sft.cern.ch/lcg/views/LCG_96/x86_64-centos7-gcc8-opt/include]
  ignore line: [ /cvmfs/sft.cern.ch/lcg/views/LCG_96/x86_64-centos7-gcc8-dbg/include]
  ignore line: [ /cvmfs/sft.cern.ch/lcg/releases/gcc/8.2.0-3fa06/x86_64-centos7/include]
  ignore line: [ /cvmfs/sft.cern.ch/lcg/releases/gcc/8.2.0-3fa06/x86_64-centos7/bin/../lib/gcc/x86_64-pc-linux-gnu/8.2.0/../../../../include/c++/8.2.0]
  ignore line: [ /cvmfs/sft.cern.ch/lcg/releases/gcc/8.2.0-3fa06/x86_64-centos7/bin/../lib/gcc/x86_64-pc-linux-gnu/8.2.0/../../../../include/c++/8.2.0/x86_64-pc-linux-gnu]
  ignore line: [ /cvmfs/sft.cern.ch/lcg/releases/gcc/8.2.0-3fa06/x86_64-centos7/bin/../lib/gcc/x86_64-pc-linux-gnu/8.2.0/../../../../include/c++/8.2.0/backward]
  ignore line: [ /cvmfs/sft.cern.ch/lcg/releases/gcc/8.2.0-3fa06/x86_64-centos7/bin/../lib/gcc/x86_64-pc-linux-gnu/8.2.0/include]
  ignore line: [ /cvmfs/sft.cern.ch/lcg/releases/gcc/8.2.0-3fa06/x86_64-centos7/bin/../lib/gcc/x86_64-pc-linux-gnu/8.2.0/include-fixed]
  ignore line: [ /usr/local/include]
  ignore line: [ /usr/include]
  ignore line: [End of search list.]
  ignore line: [GNU C++14 (GCC) version 8.2.0 (x86_64-pc-linux-gnu)]
  ignore line: [	compiled by GNU C version 8.2.0, GMP version 6.1.0, MPFR version 3.1.4, MPC version 1.0.3, isl version isl-0.18-GMP]
  ignore line: []
  ignore line: [GGC heuristics: --param ggc-min-expand=100 --param ggc-min-heapsize=131072]
  ignore line: [Compiler executable checksum: 070e67e9ba8aa43ec95f43bd9e04daca]
  ignore line: [COLLECT_GCC_OPTIONS='-v' '-o' 'CMakeFiles/cmTC_f4944.dir/CMakeCXXCompilerABI.cpp.o' '-c' '-shared-libgcc' '-mtune=generic' '-march=x86-64']
  ignore line: [ as -v --64 -o CMakeFiles/cmTC_f4944.dir/CMakeCXXCompilerABI.cpp.o /tmp/govoni/ccXXBRpT.s]
  ignore line: [GNU assembler version 2.30 (x86_64-pc-linux-gnu) using BFD version (GNU Binutils) 2.30]
  ignore line: [COMPILER_PATH=/cvmfs/sft.cern.ch/lcg/releases/gcc/8.2.0-3fa06/x86_64-centos7/bin/../libexec/gcc/x86_64-pc-linux-gnu/8.2.0/:/cvmfs/sft.cern.ch/lcg/releases/gcc/8.2.0-3fa06/x86_64-centos7/bin/../libexec/gcc/:/cvmfs/sft.cern.ch/lcg/releases/gcc/8.2.0-3fa06/x86_64-centos7/]
  ignore line: [LIBRARY_PATH=/cvmfs/sft.cern.ch/lcg/releases/gcc/8.2.0-3fa06/x86_64-centos7/bin/../lib/gcc/x86_64-pc-linux-gnu/8.2.0/:/cvmfs/sft.cern.ch/lcg/releases/gcc/8.2.0-3fa06/x86_64-centos7/bin/../lib/gcc/:/cvmfs/sft.cern.ch/lcg/releases/gcc/8.2.0-3fa06/x86_64-centos7/bin/../lib/gcc/x86_64-pc-linux-gnu/8.2.0/../../../../lib64/:/lib/../lib64/:/usr/lib/../lib64/:/cvmfs/sft.cern.ch/lcg/releases/gcc/8.2.0-3fa06/x86_64-centos7/bin/../lib/gcc/x86_64-pc-linux-gnu/8.2.0/../../../:/lib/:/usr/lib/]
  ignore line: [COLLECT_GCC_OPTIONS='-v' '-o' 'CMakeFiles/cmTC_f4944.dir/CMakeCXXCompilerABI.cpp.o' '-c' '-shared-libgcc' '-mtune=generic' '-march=x86-64']
  ignore line: [Linking CXX executable cmTC_f4944]
  ignore line: [/cvmfs/sft.cern.ch/lcg/releases/CMake/3.14.3-34449/x86_64-centos7-gcc8-opt/bin/cmake -E cmake_link_script CMakeFiles/cmTC_f4944.dir/link.txt --verbose=1]
  ignore line: [/cvmfs/sft.cern.ch/lcg/releases/gcc/8.2.0-3fa06/x86_64-centos7/bin/g++      -v -rdynamic CMakeFiles/cmTC_f4944.dir/CMakeCXXCompilerABI.cpp.o  -o cmTC_f4944 ]
  ignore line: [Using built-in specs.]
  ignore line: [COLLECT_GCC=/cvmfs/sft.cern.ch/lcg/releases/gcc/8.2.0-3fa06/x86_64-centos7/bin/g++]
  ignore line: [COLLECT_LTO_WRAPPER=/cvmfs/sft.cern.ch/lcg/releases/gcc/8.2.0-3fa06/x86_64-centos7/bin/../libexec/gcc/x86_64-pc-linux-gnu/8.2.0/lto-wrapper]
  ignore line: [Target: x86_64-pc-linux-gnu]
  ignore line: [Configured with: /afs/cern.ch/cms/CAF/CMSCOMM/COMM_ECAL/dkonst/GCC/build/contrib/gcc-8.2.0/src/gcc/8.2.0/configure --prefix=/afs/cern.ch/cms/CAF/CMSCOMM/COMM_ECAL/dkonst/GCC/lcgcmake-install/gcc/8.2.0/x86_64-centos7 -with-system-zlib --disable-multilib --enable-languages=all --with-gnu-ld --with-ld=/afs/cern.ch/cms/CAF/CMSCOMM/COMM_ECAL/dkonst/GCC/lcgcmake-install/binutils/2.30/x86_64-centos7/bin/ld --with-gnu-as --with-as=/afs/cern.ch/cms/CAF/CMSCOMM/COMM_ECAL/dkonst/GCC/lcgcmake-install/binutils/2.30/x86_64-centos7/bin/as]
  ignore line: [Thread model: posix]
  ignore line: [gcc version 8.2.0 (GCC) ]
  ignore line: [COMPILER_PATH=/cvmfs/sft.cern.ch/lcg/releases/gcc/8.2.0-3fa06/x86_64-centos7/bin/../libexec/gcc/x86_64-pc-linux-gnu/8.2.0/:/cvmfs/sft.cern.ch/lcg/releases/gcc/8.2.0-3fa06/x86_64-centos7/bin/../libexec/gcc/:/cvmfs/sft.cern.ch/lcg/releases/gcc/8.2.0-3fa06/x86_64-centos7/]
  ignore line: [LIBRARY_PATH=/cvmfs/sft.cern.ch/lcg/releases/gcc/8.2.0-3fa06/x86_64-centos7/bin/../lib/gcc/x86_64-pc-linux-gnu/8.2.0/:/cvmfs/sft.cern.ch/lcg/releases/gcc/8.2.0-3fa06/x86_64-centos7/bin/../lib/gcc/:/cvmfs/sft.cern.ch/lcg/releases/gcc/8.2.0-3fa06/x86_64-centos7/bin/../lib/gcc/x86_64-pc-linux-gnu/8.2.0/../../../../lib64/:/lib/../lib64/:/usr/lib/../lib64/:/cvmfs/sft.cern.ch/lcg/releases/gcc/8.2.0-3fa06/x86_64-centos7/bin/../lib/gcc/x86_64-pc-linux-gnu/8.2.0/../../../:/lib/:/usr/lib/]
  ignore line: [COLLECT_GCC_OPTIONS='-v' '-rdynamic' '-o' 'cmTC_f4944' '-shared-libgcc' '-mtune=generic' '-march=x86-64']
  link line: [ /cvmfs/sft.cern.ch/lcg/releases/gcc/8.2.0-3fa06/x86_64-centos7/bin/../libexec/gcc/x86_64-pc-linux-gnu/8.2.0/collect2 -plugin /cvmfs/sft.cern.ch/lcg/releases/gcc/8.2.0-3fa06/x86_64-centos7/bin/../libexec/gcc/x86_64-pc-linux-gnu/8.2.0/liblto_plugin.so -plugin-opt=/cvmfs/sft.cern.ch/lcg/releases/gcc/8.2.0-3fa06/x86_64-centos7/bin/../libexec/gcc/x86_64-pc-linux-gnu/8.2.0/lto-wrapper -plugin-opt=-fresolution=/tmp/govoni/ccZ5c5J3.res -plugin-opt=-pass-through=-lgcc_s -plugin-opt=-pass-through=-lgcc -plugin-opt=-pass-through=-lc -plugin-opt=-pass-through=-lgcc_s -plugin-opt=-pass-through=-lgcc --eh-frame-hdr -m elf_x86_64 -export-dynamic -dynamic-linker /lib64/ld-linux-x86-64.so.2 -o cmTC_f4944 /lib/../lib64/crt1.o /lib/../lib64/crti.o /cvmfs/sft.cern.ch/lcg/releases/gcc/8.2.0-3fa06/x86_64-centos7/bin/../lib/gcc/x86_64-pc-linux-gnu/8.2.0/crtbegin.o -L/cvmfs/sft.cern.ch/lcg/releases/gcc/8.2.0-3fa06/x86_64-centos7/bin/../lib/gcc/x86_64-pc-linux-gnu/8.2.0 -L/cvmfs/sft.cern.ch/lcg/releases/gcc/8.2.0-3fa06/x86_64-centos7/bin/../lib/gcc -L/cvmfs/sft.cern.ch/lcg/releases/gcc/8.2.0-3fa06/x86_64-centos7/bin/../lib/gcc/x86_64-pc-linux-gnu/8.2.0/../../../../lib64 -L/lib/../lib64 -L/usr/lib/../lib64 -L/cvmfs/sft.cern.ch/lcg/releases/gcc/8.2.0-3fa06/x86_64-centos7/bin/../lib/gcc/x86_64-pc-linux-gnu/8.2.0/../../.. CMakeFiles/cmTC_f4944.dir/CMakeCXXCompilerABI.cpp.o -lstdc++ -lm -lgcc_s -lgcc -lc -lgcc_s -lgcc /cvmfs/sft.cern.ch/lcg/releases/gcc/8.2.0-3fa06/x86_64-centos7/bin/../lib/gcc/x86_64-pc-linux-gnu/8.2.0/crtend.o /lib/../lib64/crtn.o]
    arg [/cvmfs/sft.cern.ch/lcg/releases/gcc/8.2.0-3fa06/x86_64-centos7/bin/../libexec/gcc/x86_64-pc-linux-gnu/8.2.0/collect2] ==> ignore
    arg [-plugin] ==> ignore
    arg [/cvmfs/sft.cern.ch/lcg/releases/gcc/8.2.0-3fa06/x86_64-centos7/bin/../libexec/gcc/x86_64-pc-linux-gnu/8.2.0/liblto_plugin.so] ==> ignore
    arg [-plugin-opt=/cvmfs/sft.cern.ch/lcg/releases/gcc/8.2.0-3fa06/x86_64-centos7/bin/../libexec/gcc/x86_64-pc-linux-gnu/8.2.0/lto-wrapper] ==> ignore
    arg [-plugin-opt=-fresolution=/tmp/govoni/ccZ5c5J3.res] ==> ignore
    arg [-plugin-opt=-pass-through=-lgcc_s] ==> ignore
    arg [-plugin-opt=-pass-through=-lgcc] ==> ignore
    arg [-plugin-opt=-pass-through=-lc] ==> ignore
    arg [-plugin-opt=-pass-through=-lgcc_s] ==> ignore
    arg [-plugin-opt=-pass-through=-lgcc] ==> ignore
    arg [--eh-frame-hdr] ==> ignore
    arg [-m] ==> ignore
    arg [elf_x86_64] ==> ignore
    arg [-export-dynamic] ==> ignore
    arg [-dynamic-linker] ==> ignore
    arg [/lib64/ld-linux-x86-64.so.2] ==> ignore
    arg [-o] ==> ignore
    arg [cmTC_f4944] ==> ignore
    arg [/lib/../lib64/crt1.o] ==> ignore
    arg [/lib/../lib64/crti.o] ==> ignore
    arg [/cvmfs/sft.cern.ch/lcg/releases/gcc/8.2.0-3fa06/x86_64-centos7/bin/../lib/gcc/x86_64-pc-linux-gnu/8.2.0/crtbegin.o] ==> ignore
    arg [-L/cvmfs/sft.cern.ch/lcg/releases/gcc/8.2.0-3fa06/x86_64-centos7/bin/../lib/gcc/x86_64-pc-linux-gnu/8.2.0] ==> dir [/cvmfs/sft.cern.ch/lcg/releases/gcc/8.2.0-3fa06/x86_64-centos7/bin/../lib/gcc/x86_64-pc-linux-gnu/8.2.0]
    arg [-L/cvmfs/sft.cern.ch/lcg/releases/gcc/8.2.0-3fa06/x86_64-centos7/bin/../lib/gcc] ==> dir [/cvmfs/sft.cern.ch/lcg/releases/gcc/8.2.0-3fa06/x86_64-centos7/bin/../lib/gcc]
    arg [-L/cvmfs/sft.cern.ch/lcg/releases/gcc/8.2.0-3fa06/x86_64-centos7/bin/../lib/gcc/x86_64-pc-linux-gnu/8.2.0/../../../../lib64] ==> dir [/cvmfs/sft.cern.ch/lcg/releases/gcc/8.2.0-3fa06/x86_64-centos7/bin/../lib/gcc/x86_64-pc-linux-gnu/8.2.0/../../../../lib64]
    arg [-L/lib/../lib64] ==> dir [/lib/../lib64]
    arg [-L/usr/lib/../lib64] ==> dir [/usr/lib/../lib64]
    arg [-L/cvmfs/sft.cern.ch/lcg/releases/gcc/8.2.0-3fa06/x86_64-centos7/bin/../lib/gcc/x86_64-pc-linux-gnu/8.2.0/../../..] ==> dir [/cvmfs/sft.cern.ch/lcg/releases/gcc/8.2.0-3fa06/x86_64-centos7/bin/../lib/gcc/x86_64-pc-linux-gnu/8.2.0/../../..]
    arg [CMakeFiles/cmTC_f4944.dir/CMakeCXXCompilerABI.cpp.o] ==> ignore
    arg [-lstdc++] ==> lib [stdc++]
    arg [-lm] ==> lib [m]
    arg [-lgcc_s] ==> lib [gcc_s]
    arg [-lgcc] ==> lib [gcc]
    arg [-lc] ==> lib [c]
    arg [-lgcc_s] ==> lib [gcc_s]
    arg [-lgcc] ==> lib [gcc]
    arg [/cvmfs/sft.cern.ch/lcg/releases/gcc/8.2.0-3fa06/x86_64-centos7/bin/../lib/gcc/x86_64-pc-linux-gnu/8.2.0/crtend.o] ==> ignore
    arg [/lib/../lib64/crtn.o] ==> ignore
  collapse library dir [/cvmfs/sft.cern.ch/lcg/releases/gcc/8.2.0-3fa06/x86_64-centos7/bin/../lib/gcc/x86_64-pc-linux-gnu/8.2.0] ==> [/cvmfs/sft.cern.ch/lcg/releases/gcc/8.2.0-3fa06/x86_64-centos7/lib/gcc/x86_64-pc-linux-gnu/8.2.0]
  collapse library dir [/cvmfs/sft.cern.ch/lcg/releases/gcc/8.2.0-3fa06/x86_64-centos7/bin/../lib/gcc] ==> [/cvmfs/sft.cern.ch/lcg/releases/gcc/8.2.0-3fa06/x86_64-centos7/lib/gcc]
  collapse library dir [/cvmfs/sft.cern.ch/lcg/releases/gcc/8.2.0-3fa06/x86_64-centos7/bin/../lib/gcc/x86_64-pc-linux-gnu/8.2.0/../../../../lib64] ==> [/cvmfs/sft.cern.ch/lcg/releases/gcc/8.2.0-3fa06/x86_64-centos7/lib64]
  collapse library dir [/lib/../lib64] ==> [/lib64]
  collapse library dir [/usr/lib/../lib64] ==> [/usr/lib64]
  collapse library dir [/cvmfs/sft.cern.ch/lcg/releases/gcc/8.2.0-3fa06/x86_64-centos7/bin/../lib/gcc/x86_64-pc-linux-gnu/8.2.0/../../..] ==> [/cvmfs/sft.cern.ch/lcg/releases/gcc/8.2.0-3fa06/x86_64-centos7/lib]
  implicit libs: [stdc++;m;gcc_s;gcc;c;gcc_s;gcc]
  implicit dirs: [/cvmfs/sft.cern.ch/lcg/releases/gcc/8.2.0-3fa06/x86_64-centos7/lib/gcc/x86_64-pc-linux-gnu/8.2.0;/cvmfs/sft.cern.ch/lcg/releases/gcc/8.2.0-3fa06/x86_64-centos7/lib/gcc;/cvmfs/sft.cern.ch/lcg/releases/gcc/8.2.0-3fa06/x86_64-centos7/lib64;/lib64;/usr/lib64;/cvmfs/sft.cern.ch/lcg/releases/gcc/8.2.0-3fa06/x86_64-centos7/lib]
  implicit fwks: []




Detecting CXX [-std=c++2a] compiler features compiled with the following output:
Change Dir: /afs/cern.ch/user/g/govoni/work/2019_liquido/MC/simulation/muon/build/CMakeFiles/CMakeTmp

Run Build Command(s):/usr/bin/gmake cmTC_3ed5b/fast 
/usr/bin/gmake -f CMakeFiles/cmTC_3ed5b.dir/build.make CMakeFiles/cmTC_3ed5b.dir/build
gmake[1]: Entering directory `/afs/cern.ch/work/g/govoni/2019_liquido/MC/simulation/muon/build/CMakeFiles/CMakeTmp'
Building CXX object CMakeFiles/cmTC_3ed5b.dir/feature_tests.cxx.o
/cvmfs/sft.cern.ch/lcg/releases/gcc/8.2.0-3fa06/x86_64-centos7/bin/g++    -std=c++2a -o CMakeFiles/cmTC_3ed5b.dir/feature_tests.cxx.o -c /afs/cern.ch/user/g/govoni/work/2019_liquido/MC/simulation/muon/build/CMakeFiles/feature_tests.cxx
Linking CXX executable cmTC_3ed5b
/cvmfs/sft.cern.ch/lcg/releases/CMake/3.14.3-34449/x86_64-centos7-gcc8-opt/bin/cmake -E cmake_link_script CMakeFiles/cmTC_3ed5b.dir/link.txt --verbose=1
/cvmfs/sft.cern.ch/lcg/releases/gcc/8.2.0-3fa06/x86_64-centos7/bin/g++       -rdynamic CMakeFiles/cmTC_3ed5b.dir/feature_tests.cxx.o  -o cmTC_3ed5b 
gmake[1]: Leaving directory `/afs/cern.ch/work/g/govoni/2019_liquido/MC/simulation/muon/build/CMakeFiles/CMakeTmp'


    Feature record: CXX_FEATURE:1cxx_aggregate_default_initializers
    Feature record: CXX_FEATURE:1cxx_alias_templates
    Feature record: CXX_FEATURE:1cxx_alignas
    Feature record: CXX_FEATURE:1cxx_alignof
    Feature record: CXX_FEATURE:1cxx_attributes
    Feature record: CXX_FEATURE:1cxx_attribute_deprecated
    Feature record: CXX_FEATURE:1cxx_auto_type
    Feature record: CXX_FEATURE:1cxx_binary_literals
    Feature record: CXX_FEATURE:1cxx_constexpr
    Feature record: CXX_FEATURE:1cxx_contextual_conversions
    Feature record: CXX_FEATURE:1cxx_decltype
    Feature record: CXX_FEATURE:1cxx_decltype_auto
    Feature record: CXX_FEATURE:1cxx_decltype_incomplete_return_types
    Feature record: CXX_FEATURE:1cxx_default_function_template_args
    Feature record: CXX_FEATURE:1cxx_defaulted_functions
    Feature record: CXX_FEATURE:1cxx_defaulted_move_initializers
    Feature record: CXX_FEATURE:1cxx_delegating_constructors
    Feature record: CXX_FEATURE:1cxx_deleted_functions
    Feature record: CXX_FEATURE:1cxx_digit_separators
    Feature record: CXX_FEATURE:1cxx_enum_forward_declarations
    Feature record: CXX_FEATURE:1cxx_explicit_conversions
    Feature record: CXX_FEATURE:1cxx_extended_friend_declarations
    Feature record: CXX_FEATURE:1cxx_extern_templates
    Feature record: CXX_FEATURE:1cxx_final
    Feature record: CXX_FEATURE:1cxx_func_identifier
    Feature record: CXX_FEATURE:1cxx_generalized_initializers
    Feature record: CXX_FEATURE:1cxx_generic_lambdas
    Feature record: CXX_FEATURE:1cxx_inheriting_constructors
    Feature record: CXX_FEATURE:1cxx_inline_namespaces
    Feature record: CXX_FEATURE:1cxx_lambdas
    Feature record: CXX_FEATURE:1cxx_lambda_init_captures
    Feature record: CXX_FEATURE:1cxx_local_type_template_args
    Feature record: CXX_FEATURE:1cxx_long_long_type
    Feature record: CXX_FEATURE:1cxx_noexcept
    Feature record: CXX_FEATURE:1cxx_nonstatic_member_init
    Feature record: CXX_FEATURE:1cxx_nullptr
    Feature record: CXX_FEATURE:1cxx_override
    Feature record: CXX_FEATURE:1cxx_range_for
    Feature record: CXX_FEATURE:1cxx_raw_string_literals
    Feature record: CXX_FEATURE:1cxx_reference_qualified_functions
    Feature record: CXX_FEATURE:1cxx_relaxed_constexpr
    Feature record: CXX_FEATURE:1cxx_return_type_deduction
    Feature record: CXX_FEATURE:1cxx_right_angle_brackets
    Feature record: CXX_FEATURE:1cxx_rvalue_references
    Feature record: CXX_FEATURE:1cxx_sizeof_member
    Feature record: CXX_FEATURE:1cxx_static_assert
    Feature record: CXX_FEATURE:1cxx_strong_enums
    Feature record: CXX_FEATURE:1cxx_template_template_parameters
    Feature record: CXX_FEATURE:1cxx_thread_local
    Feature record: CXX_FEATURE:1cxx_trailing_return_types
    Feature record: CXX_FEATURE:1cxx_unicode_literals
    Feature record: CXX_FEATURE:1cxx_uniform_initialization
    Feature record: CXX_FEATURE:1cxx_unrestricted_unions
    Feature record: CXX_FEATURE:1cxx_user_literals
    Feature record: CXX_FEATURE:1cxx_variable_templates
    Feature record: CXX_FEATURE:1cxx_variadic_macros
    Feature record: CXX_FEATURE:1cxx_variadic_templates


Detecting CXX [-std=c++17] compiler features compiled with the following output:
Change Dir: /afs/cern.ch/user/g/govoni/work/2019_liquido/MC/simulation/muon/build/CMakeFiles/CMakeTmp

Run Build Command(s):/usr/bin/gmake cmTC_4e663/fast 
/usr/bin/gmake -f CMakeFiles/cmTC_4e663.dir/build.make CMakeFiles/cmTC_4e663.dir/build
gmake[1]: Entering directory `/afs/cern.ch/work/g/govoni/2019_liquido/MC/simulation/muon/build/CMakeFiles/CMakeTmp'
Building CXX object CMakeFiles/cmTC_4e663.dir/feature_tests.cxx.o
/cvmfs/sft.cern.ch/lcg/releases/gcc/8.2.0-3fa06/x86_64-centos7/bin/g++    -std=c++17 -o CMakeFiles/cmTC_4e663.dir/feature_tests.cxx.o -c /afs/cern.ch/user/g/govoni/work/2019_liquido/MC/simulation/muon/build/CMakeFiles/feature_tests.cxx
Linking CXX executable cmTC_4e663
/cvmfs/sft.cern.ch/lcg/releases/CMake/3.14.3-34449/x86_64-centos7-gcc8-opt/bin/cmake -E cmake_link_script CMakeFiles/cmTC_4e663.dir/link.txt --verbose=1
/cvmfs/sft.cern.ch/lcg/releases/gcc/8.2.0-3fa06/x86_64-centos7/bin/g++       -rdynamic CMakeFiles/cmTC_4e663.dir/feature_tests.cxx.o  -o cmTC_4e663 
gmake[1]: Leaving directory `/afs/cern.ch/work/g/govoni/2019_liquido/MC/simulation/muon/build/CMakeFiles/CMakeTmp'


    Feature record: CXX_FEATURE:1cxx_aggregate_default_initializers
    Feature record: CXX_FEATURE:1cxx_alias_templates
    Feature record: CXX_FEATURE:1cxx_alignas
    Feature record: CXX_FEATURE:1cxx_alignof
    Feature record: CXX_FEATURE:1cxx_attributes
    Feature record: CXX_FEATURE:1cxx_attribute_deprecated
    Feature record: CXX_FEATURE:1cxx_auto_type
    Feature record: CXX_FEATURE:1cxx_binary_literals
    Feature record: CXX_FEATURE:1cxx_constexpr
    Feature record: CXX_FEATURE:1cxx_contextual_conversions
    Feature record: CXX_FEATURE:1cxx_decltype
    Feature record: CXX_FEATURE:1cxx_decltype_auto
    Feature record: CXX_FEATURE:1cxx_decltype_incomplete_return_types
    Feature record: CXX_FEATURE:1cxx_default_function_template_args
    Feature record: CXX_FEATURE:1cxx_defaulted_functions
    Feature record: CXX_FEATURE:1cxx_defaulted_move_initializers
    Feature record: CXX_FEATURE:1cxx_delegating_constructors
    Feature record: CXX_FEATURE:1cxx_deleted_functions
    Feature record: CXX_FEATURE:1cxx_digit_separators
    Feature record: CXX_FEATURE:1cxx_enum_forward_declarations
    Feature record: CXX_FEATURE:1cxx_explicit_conversions
    Feature record: CXX_FEATURE:1cxx_extended_friend_declarations
    Feature record: CXX_FEATURE:1cxx_extern_templates
    Feature record: CXX_FEATURE:1cxx_final
    Feature record: CXX_FEATURE:1cxx_func_identifier
    Feature record: CXX_FEATURE:1cxx_generalized_initializers
    Feature record: CXX_FEATURE:1cxx_generic_lambdas
    Feature record: CXX_FEATURE:1cxx_inheriting_constructors
    Feature record: CXX_FEATURE:1cxx_inline_namespaces
    Feature record: CXX_FEATURE:1cxx_lambdas
    Feature record: CXX_FEATURE:1cxx_lambda_init_captures
    Feature record: CXX_FEATURE:1cxx_local_type_template_args
    Feature record: CXX_FEATURE:1cxx_long_long_type
    Feature record: CXX_FEATURE:1cxx_noexcept
    Feature record: CXX_FEATURE:1cxx_nonstatic_member_init
    Feature record: CXX_FEATURE:1cxx_nullptr
    Feature record: CXX_FEATURE:1cxx_override
    Feature record: CXX_FEATURE:1cxx_range_for
    Feature record: CXX_FEATURE:1cxx_raw_string_literals
    Feature record: CXX_FEATURE:1cxx_reference_qualified_functions
    Feature record: CXX_FEATURE:1cxx_relaxed_constexpr
    Feature record: CXX_FEATURE:1cxx_return_type_deduction
    Feature record: CXX_FEATURE:1cxx_right_angle_brackets
    Feature record: CXX_FEATURE:1cxx_rvalue_references
    Feature record: CXX_FEATURE:1cxx_sizeof_member
    Feature record: CXX_FEATURE:1cxx_static_assert
    Feature record: CXX_FEATURE:1cxx_strong_enums
    Feature record: CXX_FEATURE:1cxx_template_template_parameters
    Feature record: CXX_FEATURE:1cxx_thread_local
    Feature record: CXX_FEATURE:1cxx_trailing_return_types
    Feature record: CXX_FEATURE:1cxx_unicode_literals
    Feature record: CXX_FEATURE:1cxx_uniform_initialization
    Feature record: CXX_FEATURE:1cxx_unrestricted_unions
    Feature record: CXX_FEATURE:1cxx_user_literals
    Feature record: CXX_FEATURE:1cxx_variable_templates
    Feature record: CXX_FEATURE:1cxx_variadic_macros
    Feature record: CXX_FEATURE:1cxx_variadic_templates


Detecting CXX [-std=c++14] compiler features compiled with the following output:
Change Dir: /afs/cern.ch/user/g/govoni/work/2019_liquido/MC/simulation/muon/build/CMakeFiles/CMakeTmp

Run Build Command(s):/usr/bin/gmake cmTC_ad2cf/fast 
/usr/bin/gmake -f CMakeFiles/cmTC_ad2cf.dir/build.make CMakeFiles/cmTC_ad2cf.dir/build
gmake[1]: Entering directory `/afs/cern.ch/work/g/govoni/2019_liquido/MC/simulation/muon/build/CMakeFiles/CMakeTmp'
Building CXX object CMakeFiles/cmTC_ad2cf.dir/feature_tests.cxx.o
/cvmfs/sft.cern.ch/lcg/releases/gcc/8.2.0-3fa06/x86_64-centos7/bin/g++    -std=c++14 -o CMakeFiles/cmTC_ad2cf.dir/feature_tests.cxx.o -c /afs/cern.ch/user/g/govoni/work/2019_liquido/MC/simulation/muon/build/CMakeFiles/feature_tests.cxx
Linking CXX executable cmTC_ad2cf
/cvmfs/sft.cern.ch/lcg/releases/CMake/3.14.3-34449/x86_64-centos7-gcc8-opt/bin/cmake -E cmake_link_script CMakeFiles/cmTC_ad2cf.dir/link.txt --verbose=1
/cvmfs/sft.cern.ch/lcg/releases/gcc/8.2.0-3fa06/x86_64-centos7/bin/g++       -rdynamic CMakeFiles/cmTC_ad2cf.dir/feature_tests.cxx.o  -o cmTC_ad2cf 
gmake[1]: Leaving directory `/afs/cern.ch/work/g/govoni/2019_liquido/MC/simulation/muon/build/CMakeFiles/CMakeTmp'


    Feature record: CXX_FEATURE:1cxx_aggregate_default_initializers
    Feature record: CXX_FEATURE:1cxx_alias_templates
    Feature record: CXX_FEATURE:1cxx_alignas
    Feature record: CXX_FEATURE:1cxx_alignof
    Feature record: CXX_FEATURE:1cxx_attributes
    Feature record: CXX_FEATURE:1cxx_attribute_deprecated
    Feature record: CXX_FEATURE:1cxx_auto_type
    Feature record: CXX_FEATURE:1cxx_binary_literals
    Feature record: CXX_FEATURE:1cxx_constexpr
    Feature record: CXX_FEATURE:1cxx_contextual_conversions
    Feature record: CXX_FEATURE:1cxx_decltype
    Feature record: CXX_FEATURE:1cxx_decltype_auto
    Feature record: CXX_FEATURE:1cxx_decltype_incomplete_return_types
    Feature record: CXX_FEATURE:1cxx_default_function_template_args
    Feature record: CXX_FEATURE:1cxx_defaulted_functions
    Feature record: CXX_FEATURE:1cxx_defaulted_move_initializers
    Feature record: CXX_FEATURE:1cxx_delegating_constructors
    Feature record: CXX_FEATURE:1cxx_deleted_functions
    Feature record: CXX_FEATURE:1cxx_digit_separators
    Feature record: CXX_FEATURE:1cxx_enum_forward_declarations
    Feature record: CXX_FEATURE:1cxx_explicit_conversions
    Feature record: CXX_FEATURE:1cxx_extended_friend_declarations
    Feature record: CXX_FEATURE:1cxx_extern_templates
    Feature record: CXX_FEATURE:1cxx_final
    Feature record: CXX_FEATURE:1cxx_func_identifier
    Feature record: CXX_FEATURE:1cxx_generalized_initializers
    Feature record: CXX_FEATURE:1cxx_generic_lambdas
    Feature record: CXX_FEATURE:1cxx_inheriting_constructors
    Feature record: CXX_FEATURE:1cxx_inline_namespaces
    Feature record: CXX_FEATURE:1cxx_lambdas
    Feature record: CXX_FEATURE:1cxx_lambda_init_captures
    Feature record: CXX_FEATURE:1cxx_local_type_template_args
    Feature record: CXX_FEATURE:1cxx_long_long_type
    Feature record: CXX_FEATURE:1cxx_noexcept
    Feature record: CXX_FEATURE:1cxx_nonstatic_member_init
    Feature record: CXX_FEATURE:1cxx_nullptr
    Feature record: CXX_FEATURE:1cxx_override
    Feature record: CXX_FEATURE:1cxx_range_for
    Feature record: CXX_FEATURE:1cxx_raw_string_literals
    Feature record: CXX_FEATURE:1cxx_reference_qualified_functions
    Feature record: CXX_FEATURE:1cxx_relaxed_constexpr
    Feature record: CXX_FEATURE:1cxx_return_type_deduction
    Feature record: CXX_FEATURE:1cxx_right_angle_brackets
    Feature record: CXX_FEATURE:1cxx_rvalue_references
    Feature record: CXX_FEATURE:1cxx_sizeof_member
    Feature record: CXX_FEATURE:1cxx_static_assert
    Feature record: CXX_FEATURE:1cxx_strong_enums
    Feature record: CXX_FEATURE:1cxx_template_template_parameters
    Feature record: CXX_FEATURE:1cxx_thread_local
    Feature record: CXX_FEATURE:1cxx_trailing_return_types
    Feature record: CXX_FEATURE:1cxx_unicode_literals
    Feature record: CXX_FEATURE:1cxx_uniform_initialization
    Feature record: CXX_FEATURE:1cxx_unrestricted_unions
    Feature record: CXX_FEATURE:1cxx_user_literals
    Feature record: CXX_FEATURE:1cxx_variable_templates
    Feature record: CXX_FEATURE:1cxx_variadic_macros
    Feature record: CXX_FEATURE:1cxx_variadic_templates


Detecting CXX [-std=c++11] compiler features compiled with the following output:
Change Dir: /afs/cern.ch/user/g/govoni/work/2019_liquido/MC/simulation/muon/build/CMakeFiles/CMakeTmp

Run Build Command(s):/usr/bin/gmake cmTC_02b90/fast 
/usr/bin/gmake -f CMakeFiles/cmTC_02b90.dir/build.make CMakeFiles/cmTC_02b90.dir/build
gmake[1]: Entering directory `/afs/cern.ch/work/g/govoni/2019_liquido/MC/simulation/muon/build/CMakeFiles/CMakeTmp'
Building CXX object CMakeFiles/cmTC_02b90.dir/feature_tests.cxx.o
/cvmfs/sft.cern.ch/lcg/releases/gcc/8.2.0-3fa06/x86_64-centos7/bin/g++    -std=c++11 -o CMakeFiles/cmTC_02b90.dir/feature_tests.cxx.o -c /afs/cern.ch/user/g/govoni/work/2019_liquido/MC/simulation/muon/build/CMakeFiles/feature_tests.cxx
Linking CXX executable cmTC_02b90
/cvmfs/sft.cern.ch/lcg/releases/CMake/3.14.3-34449/x86_64-centos7-gcc8-opt/bin/cmake -E cmake_link_script CMakeFiles/cmTC_02b90.dir/link.txt --verbose=1
/cvmfs/sft.cern.ch/lcg/releases/gcc/8.2.0-3fa06/x86_64-centos7/bin/g++       -rdynamic CMakeFiles/cmTC_02b90.dir/feature_tests.cxx.o  -o cmTC_02b90 
gmake[1]: Leaving directory `/afs/cern.ch/work/g/govoni/2019_liquido/MC/simulation/muon/build/CMakeFiles/CMakeTmp'


    Feature record: CXX_FEATURE:0cxx_aggregate_default_initializers
    Feature record: CXX_FEATURE:1cxx_alias_templates
    Feature record: CXX_FEATURE:1cxx_alignas
    Feature record: CXX_FEATURE:1cxx_alignof
    Feature record: CXX_FEATURE:1cxx_attributes
    Feature record: CXX_FEATURE:0cxx_attribute_deprecated
    Feature record: CXX_FEATURE:1cxx_auto_type
    Feature record: CXX_FEATURE:0cxx_binary_literals
    Feature record: CXX_FEATURE:1cxx_constexpr
    Feature record: CXX_FEATURE:0cxx_contextual_conversions
    Feature record: CXX_FEATURE:1cxx_decltype
    Feature record: CXX_FEATURE:0cxx_decltype_auto
    Feature record: CXX_FEATURE:1cxx_decltype_incomplete_return_types
    Feature record: CXX_FEATURE:1cxx_default_function_template_args
    Feature record: CXX_FEATURE:1cxx_defaulted_functions
    Feature record: CXX_FEATURE:1cxx_defaulted_move_initializers
    Feature record: CXX_FEATURE:1cxx_delegating_constructors
    Feature record: CXX_FEATURE:1cxx_deleted_functions
    Feature record: CXX_FEATURE:0cxx_digit_separators
    Feature record: CXX_FEATURE:1cxx_enum_forward_declarations
    Feature record: CXX_FEATURE:1cxx_explicit_conversions
    Feature record: CXX_FEATURE:1cxx_extended_friend_declarations
    Feature record: CXX_FEATURE:1cxx_extern_templates
    Feature record: CXX_FEATURE:1cxx_final
    Feature record: CXX_FEATURE:1cxx_func_identifier
    Feature record: CXX_FEATURE:1cxx_generalized_initializers
    Feature record: CXX_FEATURE:0cxx_generic_lambdas
    Feature record: CXX_FEATURE:1cxx_inheriting_constructors
    Feature record: CXX_FEATURE:1cxx_inline_namespaces
    Feature record: CXX_FEATURE:1cxx_lambdas
    Feature record: CXX_FEATURE:0cxx_lambda_init_captures
    Feature record: CXX_FEATURE:1cxx_local_type_template_args
    Feature record: CXX_FEATURE:1cxx_long_long_type
    Feature record: CXX_FEATURE:1cxx_noexcept
    Feature record: CXX_FEATURE:1cxx_nonstatic_member_init
    Feature record: CXX_FEATURE:1cxx_nullptr
    Feature record: CXX_FEATURE:1cxx_override
    Feature record: CXX_FEATURE:1cxx_range_for
    Feature record: CXX_FEATURE:1cxx_raw_string_literals
    Feature record: CXX_FEATURE:1cxx_reference_qualified_functions
    Feature record: CXX_FEATURE:0cxx_relaxed_constexpr
    Feature record: CXX_FEATURE:0cxx_return_type_deduction
    Feature record: CXX_FEATURE:1cxx_right_angle_brackets
    Feature record: CXX_FEATURE:1cxx_rvalue_references
    Feature record: CXX_FEATURE:1cxx_sizeof_member
    Feature record: CXX_FEATURE:1cxx_static_assert
    Feature record: CXX_FEATURE:1cxx_strong_enums
    Feature record: CXX_FEATURE:1cxx_template_template_parameters
    Feature record: CXX_FEATURE:1cxx_thread_local
    Feature record: CXX_FEATURE:1cxx_trailing_return_types
    Feature record: CXX_FEATURE:1cxx_unicode_literals
    Feature record: CXX_FEATURE:1cxx_uniform_initialization
    Feature record: CXX_FEATURE:1cxx_unrestricted_unions
    Feature record: CXX_FEATURE:1cxx_user_literals
    Feature record: CXX_FEATURE:0cxx_variable_templates
    Feature record: CXX_FEATURE:1cxx_variadic_macros
    Feature record: CXX_FEATURE:1cxx_variadic_templates


Detecting CXX [-std=c++98] compiler features compiled with the following output:
Change Dir: /afs/cern.ch/user/g/govoni/work/2019_liquido/MC/simulation/muon/build/CMakeFiles/CMakeTmp

Run Build Command(s):/usr/bin/gmake cmTC_34e01/fast 
/usr/bin/gmake -f CMakeFiles/cmTC_34e01.dir/build.make CMakeFiles/cmTC_34e01.dir/build
gmake[1]: Entering directory `/afs/cern.ch/work/g/govoni/2019_liquido/MC/simulation/muon/build/CMakeFiles/CMakeTmp'
Building CXX object CMakeFiles/cmTC_34e01.dir/feature_tests.cxx.o
/cvmfs/sft.cern.ch/lcg/releases/gcc/8.2.0-3fa06/x86_64-centos7/bin/g++    -std=c++98 -o CMakeFiles/cmTC_34e01.dir/feature_tests.cxx.o -c /afs/cern.ch/user/g/govoni/work/2019_liquido/MC/simulation/muon/build/CMakeFiles/feature_tests.cxx
Linking CXX executable cmTC_34e01
/cvmfs/sft.cern.ch/lcg/releases/CMake/3.14.3-34449/x86_64-centos7-gcc8-opt/bin/cmake -E cmake_link_script CMakeFiles/cmTC_34e01.dir/link.txt --verbose=1
/cvmfs/sft.cern.ch/lcg/releases/gcc/8.2.0-3fa06/x86_64-centos7/bin/g++       -rdynamic CMakeFiles/cmTC_34e01.dir/feature_tests.cxx.o  -o cmTC_34e01 
gmake[1]: Leaving directory `/afs/cern.ch/work/g/govoni/2019_liquido/MC/simulation/muon/build/CMakeFiles/CMakeTmp'


    Feature record: CXX_FEATURE:0cxx_aggregate_default_initializers
    Feature record: CXX_FEATURE:0cxx_alias_templates
    Feature record: CXX_FEATURE:0cxx_alignas
    Feature record: CXX_FEATURE:0cxx_alignof
    Feature record: CXX_FEATURE:0cxx_attributes
    Feature record: CXX_FEATURE:0cxx_attribute_deprecated
    Feature record: CXX_FEATURE:0cxx_auto_type
    Feature record: CXX_FEATURE:0cxx_binary_literals
    Feature record: CXX_FEATURE:0cxx_constexpr
    Feature record: CXX_FEATURE:0cxx_contextual_conversions
    Feature record: CXX_FEATURE:0cxx_decltype
    Feature record: CXX_FEATURE:0cxx_decltype_auto
    Feature record: CXX_FEATURE:0cxx_decltype_incomplete_return_types
    Feature record: CXX_FEATURE:0cxx_default_function_template_args
    Feature record: CXX_FEATURE:0cxx_defaulted_functions
    Feature record: CXX_FEATURE:0cxx_defaulted_move_initializers
    Feature record: CXX_FEATURE:0cxx_delegating_constructors
    Feature record: CXX_FEATURE:0cxx_deleted_functions
    Feature record: CXX_FEATURE:0cxx_digit_separators
    Feature record: CXX_FEATURE:0cxx_enum_forward_declarations
    Feature record: CXX_FEATURE:0cxx_explicit_conversions
    Feature record: CXX_FEATURE:0cxx_extended_friend_declarations
    Feature record: CXX_FEATURE:0cxx_extern_templates
    Feature record: CXX_FEATURE:0cxx_final
    Feature record: CXX_FEATURE:0cxx_func_identifier
    Feature record: CXX_FEATURE:0cxx_generalized_initializers
    Feature record: CXX_FEATURE:0cxx_generic_lambdas
    Feature record: CXX_FEATURE:0cxx_inheriting_constructors
    Feature record: CXX_FEATURE:0cxx_inline_namespaces
    Feature record: CXX_FEATURE:0cxx_lambdas
    Feature record: CXX_FEATURE:0cxx_lambda_init_captures
    Feature record: CXX_FEATURE:0cxx_local_type_template_args
    Feature record: CXX_FEATURE:0cxx_long_long_type
    Feature record: CXX_FEATURE:0cxx_noexcept
    Feature record: CXX_FEATURE:0cxx_nonstatic_member_init
    Feature record: CXX_FEATURE:0cxx_nullptr
    Feature record: CXX_FEATURE:0cxx_override
    Feature record: CXX_FEATURE:0cxx_range_for
    Feature record: CXX_FEATURE:0cxx_raw_string_literals
    Feature record: CXX_FEATURE:0cxx_reference_qualified_functions
    Feature record: CXX_FEATURE:0cxx_relaxed_constexpr
    Feature record: CXX_FEATURE:0cxx_return_type_deduction
    Feature record: CXX_FEATURE:0cxx_right_angle_brackets
    Feature record: CXX_FEATURE:0cxx_rvalue_references
    Feature record: CXX_FEATURE:0cxx_sizeof_member
    Feature record: CXX_FEATURE:0cxx_static_assert
    Feature record: CXX_FEATURE:0cxx_strong_enums
    Feature record: CXX_FEATURE:1cxx_template_template_parameters
    Feature record: CXX_FEATURE:0cxx_thread_local
    Feature record: CXX_FEATURE:0cxx_trailing_return_types
    Feature record: CXX_FEATURE:0cxx_unicode_literals
    Feature record: CXX_FEATURE:0cxx_uniform_initialization
    Feature record: CXX_FEATURE:0cxx_unrestricted_unions
    Feature record: CXX_FEATURE:0cxx_user_literals
    Feature record: CXX_FEATURE:0cxx_variable_templates
    Feature record: CXX_FEATURE:0cxx_variadic_macros
    Feature record: CXX_FEATURE:0cxx_variadic_templates
